{"C:\\Users\\niiki\\OneDrive\\Desktop\\version2.0\\backend\\app.js": {"path":"C:\\Users\\niiki\\OneDrive\\Desktop\\version2.0\\backend\\app.js","statementMap":{"0":{"start":{"line":1,"column":16},"end":{"line":1,"column":34}},"1":{"start":{"line":2,"column":19},"end":{"line":2,"column":41}},"2":{"start":{"line":3,"column":21},"end":{"line":3,"column":45}},"3":{"start":{"line":4,"column":19},"end":{"line":4,"column":48}},"4":{"start":{"line":5,"column":13},"end":{"line":5,"column":28}},"5":{"start":{"line":6,"column":15},"end":{"line":6,"column":32}},"6":{"start":{"line":7,"column":18},"end":{"line":7,"column":47}},"7":{"start":{"line":8,"column":22},"end":{"line":8,"column":55}},"8":{"start":{"line":9,"column":12},"end":{"line":9,"column":32}},"9":{"start":{"line":10,"column":12},"end":{"line":10,"column":26}},"10":{"start":{"line":11,"column":24},"end":{"line":11,"column":54}},"11":{"start":{"line":12,"column":15},"end":{"line":12,"column":32}},"12":{"start":{"line":13,"column":15},"end":{"line":13,"column":40}},"13":{"start":{"line":15,"column":12},"end":{"line":15,"column":21}},"14":{"start":{"line":18,"column":0},"end":{"line":18,"column":91}},"15":{"start":{"line":18,"column":57},"end":{"line":18,"column":84}},"16":{"start":{"line":21,"column":0},"end":{"line":21,"column":26}},"17":{"start":{"line":24,"column":0},"end":{"line":26,"column":1}},"18":{"start":{"line":25,"column":4},"end":{"line":25,"column":68}},"19":{"start":{"line":30,"column":0},"end":{"line":30,"column":50}},"20":{"start":{"line":33,"column":20},"end":{"line":37,"column":1}},"21":{"start":{"line":38,"column":0},"end":{"line":38,"column":27}},"22":{"start":{"line":41,"column":23},"end":{"line":54,"column":2}},"23":{"start":{"line":49,"column":8},"end":{"line":52,"column":10}},"24":{"start":{"line":55,"column":0},"end":{"line":55,"column":33}},"25":{"start":{"line":58,"column":20},"end":{"line":64,"column":2}},"26":{"start":{"line":65,"column":0},"end":{"line":65,"column":38}},"27":{"start":{"line":66,"column":0},"end":{"line":66,"column":41}},"28":{"start":{"line":67,"column":0},"end":{"line":67,"column":48}},"29":{"start":{"line":70,"column":0},"end":{"line":70,"column":41}},"30":{"start":{"line":71,"column":0},"end":{"line":71,"column":24}},"31":{"start":{"line":72,"column":0},"end":{"line":72,"column":66}},"32":{"start":{"line":73,"column":0},"end":{"line":73,"column":22}},"33":{"start":{"line":76,"column":0},"end":{"line":76,"column":25}},"34":{"start":{"line":79,"column":0},"end":{"line":79,"column":15}},"35":{"start":{"line":82,"column":0},"end":{"line":82,"column":15}},"36":{"start":{"line":85,"column":13},"end":{"line":85,"column":42}},"37":{"start":{"line":86,"column":16},"end":{"line":86,"column":48}},"38":{"start":{"line":87,"column":14},"end":{"line":87,"column":44}},"39":{"start":{"line":88,"column":16},"end":{"line":88,"column":48}},"40":{"start":{"line":89,"column":14},"end":{"line":89,"column":44}},"41":{"start":{"line":90,"column":17},"end":{"line":90,"column":50}},"42":{"start":{"line":91,"column":15},"end":{"line":91,"column":46}},"43":{"start":{"line":92,"column":14},"end":{"line":92,"column":44}},"44":{"start":{"line":94,"column":0},"end":{"line":94,"column":25}},"45":{"start":{"line":95,"column":0},"end":{"line":95,"column":28}},"46":{"start":{"line":96,"column":0},"end":{"line":96,"column":26}},"47":{"start":{"line":97,"column":0},"end":{"line":97,"column":28}},"48":{"start":{"line":98,"column":0},"end":{"line":98,"column":26}},"49":{"start":{"line":99,"column":0},"end":{"line":99,"column":29}},"50":{"start":{"line":100,"column":0},"end":{"line":100,"column":27}},"51":{"start":{"line":101,"column":0},"end":{"line":101,"column":26}},"52":{"start":{"line":104,"column":0},"end":{"line":104,"column":25}},"53":{"start":{"line":106,"column":0},"end":{"line":106,"column":21}}},"fnMap":{"0":{"name":"(anonymous_0)","decl":{"start":{"line":18,"column":46},"end":{"line":18,"column":47}},"loc":{"start":{"line":18,"column":57},"end":{"line":18,"column":84}},"line":18},"1":{"name":"(anonymous_1)","decl":{"start":{"line":48,"column":10},"end":{"line":48,"column":11}},"loc":{"start":{"line":48,"column":19},"end":{"line":53,"column":5}},"line":48}},"branchMap":{"0":{"loc":{"start":{"line":24,"column":0},"end":{"line":26,"column":1}},"type":"if","locations":[{"start":{"line":24,"column":0},"end":{"line":26,"column":1}},{"start":{},"end":{}}],"line":24},"1":{"loc":{"start":{"line":34,"column":12},"end":{"line":34,"column":63}},"type":"binary-expr","locations":[{"start":{"line":34,"column":12},"end":{"line":34,"column":36}},{"start":{"line":34,"column":40},"end":{"line":34,"column":63}}],"line":34},"2":{"loc":{"start":{"line":50,"column":12},"end":{"line":51,"column":86}},"type":"binary-expr","locations":[{"start":{"line":50,"column":13},"end":{"line":50,"column":59}},{"start":{"line":50,"column":63},"end":{"line":50,"column":83}},{"start":{"line":51,"column":13},"end":{"line":51,"column":61}},{"start":{"line":51,"column":65},"end":{"line":51,"column":85}}],"line":50}},"s":{"0":1,"1":1,"2":1,"3":1,"4":1,"5":1,"6":1,"7":1,"8":1,"9":1,"10":1,"11":1,"12":1,"13":1,"14":1,"15":7,"16":1,"17":1,"18":1,"19":1,"20":1,"21":1,"22":1,"23":7,"24":1,"25":1,"26":1,"27":1,"28":1,"29":1,"30":1,"31":1,"32":1,"33":1,"34":1,"35":1,"36":1,"37":1,"38":1,"39":1,"40":1,"41":1,"42":1,"43":1,"44":1,"45":1,"46":1,"47":1,"48":1,"49":1,"50":1,"51":1,"52":1,"53":1},"f":{"0":7,"1":7},"b":{"0":[1,0],"1":[1,0],"2":[7,0,7,0]},"_coverageSchema":"1a1c01bbd47fc00a2c39e90264f33305004495a9","hash":"fca8d4c271b739498ae16943bbe0c431f36f742e"}
,"C:\\Users\\niiki\\OneDrive\\Desktop\\version2.0\\backend\\controllers\\adminController.js": {"path":"C:\\Users\\niiki\\OneDrive\\Desktop\\version2.0\\backend\\controllers\\adminController.js","statementMap":{"0":{"start":{"line":1,"column":26},"end":{"line":1,"column":69}},"1":{"start":{"line":2,"column":14},"end":{"line":2,"column":45}},"2":{"start":{"line":3,"column":16},"end":{"line":3,"column":49}},"3":{"start":{"line":4,"column":13},"end":{"line":4,"column":43}},"4":{"start":{"line":7,"column":0},"end":{"line":134,"column":3}},"5":{"start":{"line":8,"column":16},"end":{"line":8,"column":26}},"6":{"start":{"line":9,"column":24},"end":{"line":9,"column":41}},"7":{"start":{"line":10,"column":29},"end":{"line":10,"column":69}},"8":{"start":{"line":11,"column":29},"end":{"line":11,"column":73}},"9":{"start":{"line":25,"column":8},"end":{"line":89,"column":6}},"10":{"start":{"line":92,"column":27},"end":{"line":99,"column":6}},"11":{"start":{"line":93,"column":26},"end":{"line":93,"column":72}},"12":{"start":{"line":93,"column":56},"end":{"line":93,"column":71}},"13":{"start":{"line":94,"column":8},"end":{"line":98,"column":10}},"14":{"start":{"line":102,"column":27},"end":{"line":102,"column":70}},"15":{"start":{"line":103,"column":4},"end":{"line":107,"column":7}},"16":{"start":{"line":104,"column":8},"end":{"line":106,"column":9}},"17":{"start":{"line":105,"column":12},"end":{"line":105,"column":44}},"18":{"start":{"line":109,"column":25},"end":{"line":109,"column":50}},"19":{"start":{"line":110,"column":29},"end":{"line":110,"column":61}},"20":{"start":{"line":111,"column":29},"end":{"line":111,"column":61}},"21":{"start":{"line":113,"column":8},"end":{"line":115,"column":18}},"22":{"start":{"line":117,"column":4},"end":{"line":133,"column":7}}},"fnMap":{"0":{"name":"(anonymous_0)","decl":{"start":{"line":7,"column":42},"end":{"line":7,"column":43}},"loc":{"start":{"line":7,"column":68},"end":{"line":134,"column":1}},"line":7},"1":{"name":"(anonymous_1)","decl":{"start":{"line":92,"column":54},"end":{"line":92,"column":55}},"loc":{"start":{"line":92,"column":64},"end":{"line":99,"column":5}},"line":92},"2":{"name":"(anonymous_2)","decl":{"start":{"line":93,"column":49},"end":{"line":93,"column":50}},"loc":{"start":{"line":93,"column":56},"end":{"line":93,"column":71}},"line":93},"3":{"name":"(anonymous_3)","decl":{"start":{"line":103,"column":30},"end":{"line":103,"column":31}},"loc":{"start":{"line":103,"column":37},"end":{"line":107,"column":5}},"line":103}},"branchMap":{"0":{"loc":{"start":{"line":96,"column":21},"end":{"line":96,"column":54}},"type":"cond-expr","locations":[{"start":{"line":96,"column":33},"end":{"line":96,"column":50}},{"start":{"line":96,"column":53},"end":{"line":96,"column":54}}],"line":96},"1":{"loc":{"start":{"line":97,"column":20},"end":{"line":97,"column":52}},"type":"cond-expr","locations":[{"start":{"line":97,"column":32},"end":{"line":97,"column":48}},{"start":{"line":97,"column":51},"end":{"line":97,"column":52}}],"line":97},"2":{"loc":{"start":{"line":104,"column":8},"end":{"line":106,"column":9}},"type":"if","locations":[{"start":{"line":104,"column":8},"end":{"line":106,"column":9}},{"start":{},"end":{}}],"line":104},"3":{"loc":{"start":{"line":109,"column":25},"end":{"line":109,"column":50}},"type":"binary-expr","locations":[{"start":{"line":109,"column":25},"end":{"line":109,"column":45}},{"start":{"line":109,"column":49},"end":{"line":109,"column":50}}],"line":109},"4":{"loc":{"start":{"line":110,"column":29},"end":{"line":110,"column":61}},"type":"binary-expr","locations":[{"start":{"line":110,"column":29},"end":{"line":110,"column":56}},{"start":{"line":110,"column":60},"end":{"line":110,"column":61}}],"line":110},"5":{"loc":{"start":{"line":111,"column":29},"end":{"line":111,"column":61}},"type":"binary-expr","locations":[{"start":{"line":111,"column":29},"end":{"line":111,"column":56}},{"start":{"line":111,"column":60},"end":{"line":111,"column":61}}],"line":111},"6":{"loc":{"start":{"line":113,"column":8},"end":{"line":115,"column":18}},"type":"cond-expr","locations":[{"start":{"line":114,"column":14},"end":{"line":114,"column":91}},{"start":{"line":115,"column":14},"end":{"line":115,"column":18}}],"line":113},"7":{"loc":{"start":{"line":126,"column":27},"end":{"line":126,"column":71}},"type":"cond-expr","locations":[{"start":{"line":126,"column":43},"end":{"line":126,"column":64}},{"start":{"line":126,"column":67},"end":{"line":126,"column":71}}],"line":126},"8":{"loc":{"start":{"line":127,"column":29},"end":{"line":127,"column":59}},"type":"binary-expr","locations":[{"start":{"line":127,"column":29},"end":{"line":127,"column":54}},{"start":{"line":127,"column":58},"end":{"line":127,"column":59}}],"line":127}},"s":{"0":1,"1":1,"2":1,"3":1,"4":1,"5":0,"6":0,"7":0,"8":0,"9":0,"10":0,"11":0,"12":0,"13":0,"14":0,"15":0,"16":0,"17":0,"18":0,"19":0,"20":0,"21":0,"22":0},"f":{"0":0,"1":0,"2":0,"3":0},"b":{"0":[0,0],"1":[0,0],"2":[0,0],"3":[0,0],"4":[0,0],"5":[0,0],"6":[0,0],"7":[0,0],"8":[0,0]},"_coverageSchema":"1a1c01bbd47fc00a2c39e90264f33305004495a9","hash":"63c923876aeeb4a7789256714ef7f2bcc5b47228"}
,"C:\\Users\\niiki\\OneDrive\\Desktop\\version2.0\\backend\\controllers\\brandController.js": {"path":"C:\\Users\\niiki\\OneDrive\\Desktop\\version2.0\\backend\\controllers\\brandController.js","statementMap":{"0":{"start":{"line":1,"column":14},"end":{"line":1,"column":45}},"1":{"start":{"line":2,"column":26},"end":{"line":2,"column":69}},"2":{"start":{"line":3,"column":21},"end":{"line":3,"column":53}},"3":{"start":{"line":4,"column":19},"end":{"line":4,"column":43}},"4":{"start":{"line":7,"column":0},"end":{"line":37,"column":3}},"5":{"start":{"line":8,"column":4},"end":{"line":10,"column":5}},"6":{"start":{"line":9,"column":8},"end":{"line":9,"column":74}},"7":{"start":{"line":12,"column":20},"end":{"line":12,"column":22}},"8":{"start":{"line":14,"column":4},"end":{"line":24,"column":5}},"9":{"start":{"line":15,"column":24},"end":{"line":18,"column":10}},"10":{"start":{"line":20,"column":8},"end":{"line":23,"column":9}},"11":{"start":{"line":26,"column":18},"end":{"line":31,"column":6}},"12":{"start":{"line":33,"column":4},"end":{"line":36,"column":7}},"13":{"start":{"line":40,"column":0},"end":{"line":47,"column":3}},"14":{"start":{"line":41,"column":19},"end":{"line":41,"column":37}},"15":{"start":{"line":43,"column":4},"end":{"line":46,"column":7}},"16":{"start":{"line":50,"column":0},"end":{"line":57,"column":3}},"17":{"start":{"line":51,"column":19},"end":{"line":51,"column":55}},"18":{"start":{"line":53,"column":4},"end":{"line":56,"column":7}},"19":{"start":{"line":60,"column":0},"end":{"line":104,"column":3}},"20":{"start":{"line":61,"column":25},"end":{"line":66,"column":5}},"21":{"start":{"line":68,"column":4},"end":{"line":89,"column":5}},"22":{"start":{"line":69,"column":22},"end":{"line":69,"column":57}},"23":{"start":{"line":71,"column":8},"end":{"line":73,"column":9}},"24":{"start":{"line":72,"column":12},"end":{"line":72,"column":92}},"25":{"start":{"line":75,"column":8},"end":{"line":78,"column":9}},"26":{"start":{"line":76,"column":28},"end":{"line":76,"column":48}},"27":{"start":{"line":77,"column":12},"end":{"line":77,"column":55}},"28":{"start":{"line":80,"column":24},"end":{"line":83,"column":10}},"29":{"start":{"line":85,"column":8},"end":{"line":88,"column":9}},"30":{"start":{"line":91,"column":18},"end":{"line":94,"column":6}},"31":{"start":{"line":96,"column":4},"end":{"line":98,"column":5}},"32":{"start":{"line":97,"column":8},"end":{"line":97,"column":88}},"33":{"start":{"line":100,"column":4},"end":{"line":103,"column":7}},"34":{"start":{"line":107,"column":0},"end":{"line":125,"column":3}},"35":{"start":{"line":108,"column":18},"end":{"line":108,"column":53}},"36":{"start":{"line":110,"column":4},"end":{"line":112,"column":5}},"37":{"start":{"line":111,"column":8},"end":{"line":111,"column":88}},"38":{"start":{"line":114,"column":4},"end":{"line":117,"column":5}},"39":{"start":{"line":115,"column":24},"end":{"line":115,"column":44}},"40":{"start":{"line":116,"column":8},"end":{"line":116,"column":51}},"41":{"start":{"line":119,"column":4},"end":{"line":119,"column":49}},"42":{"start":{"line":121,"column":4},"end":{"line":124,"column":7}}},"fnMap":{"0":{"name":"(anonymous_0)","decl":{"start":{"line":7,"column":40},"end":{"line":7,"column":41}},"loc":{"start":{"line":7,"column":66},"end":{"line":37,"column":1}},"line":7},"1":{"name":"(anonymous_1)","decl":{"start":{"line":40,"column":41},"end":{"line":40,"column":42}},"loc":{"start":{"line":40,"column":67},"end":{"line":47,"column":1}},"line":40},"2":{"name":"(anonymous_2)","decl":{"start":{"line":50,"column":46},"end":{"line":50,"column":47}},"loc":{"start":{"line":50,"column":72},"end":{"line":57,"column":1}},"line":50},"3":{"name":"(anonymous_3)","decl":{"start":{"line":60,"column":40},"end":{"line":60,"column":41}},"loc":{"start":{"line":60,"column":66},"end":{"line":104,"column":1}},"line":60},"4":{"name":"(anonymous_4)","decl":{"start":{"line":107,"column":40},"end":{"line":107,"column":41}},"loc":{"start":{"line":107,"column":66},"end":{"line":125,"column":1}},"line":107}},"branchMap":{"0":{"loc":{"start":{"line":8,"column":4},"end":{"line":10,"column":5}},"type":"if","locations":[{"start":{"line":8,"column":4},"end":{"line":10,"column":5}},{"start":{},"end":{}}],"line":8},"1":{"loc":{"start":{"line":14,"column":4},"end":{"line":24,"column":5}},"type":"if","locations":[{"start":{"line":14,"column":4},"end":{"line":24,"column":5}},{"start":{},"end":{}}],"line":14},"2":{"loc":{"start":{"line":68,"column":4},"end":{"line":89,"column":5}},"type":"if","locations":[{"start":{"line":68,"column":4},"end":{"line":89,"column":5}},{"start":{},"end":{}}],"line":68},"3":{"loc":{"start":{"line":68,"column":8},"end":{"line":68,"column":52}},"type":"binary-expr","locations":[{"start":{"line":68,"column":8},"end":{"line":68,"column":21}},{"start":{"line":68,"column":25},"end":{"line":68,"column":52}}],"line":68},"4":{"loc":{"start":{"line":71,"column":8},"end":{"line":73,"column":9}},"type":"if","locations":[{"start":{"line":71,"column":8},"end":{"line":73,"column":9}},{"start":{},"end":{}}],"line":71},"5":{"loc":{"start":{"line":75,"column":8},"end":{"line":78,"column":9}},"type":"if","locations":[{"start":{"line":75,"column":8},"end":{"line":78,"column":9}},{"start":{},"end":{}}],"line":75},"6":{"loc":{"start":{"line":75,"column":12},"end":{"line":75,"column":46}},"type":"binary-expr","locations":[{"start":{"line":75,"column":12},"end":{"line":75,"column":22}},{"start":{"line":75,"column":26},"end":{"line":75,"column":46}}],"line":75},"7":{"loc":{"start":{"line":96,"column":4},"end":{"line":98,"column":5}},"type":"if","locations":[{"start":{"line":96,"column":4},"end":{"line":98,"column":5}},{"start":{},"end":{}}],"line":96},"8":{"loc":{"start":{"line":110,"column":4},"end":{"line":112,"column":5}},"type":"if","locations":[{"start":{"line":110,"column":4},"end":{"line":112,"column":5}},{"start":{},"end":{}}],"line":110},"9":{"loc":{"start":{"line":114,"column":4},"end":{"line":117,"column":5}},"type":"if","locations":[{"start":{"line":114,"column":4},"end":{"line":117,"column":5}},{"start":{},"end":{}}],"line":114},"10":{"loc":{"start":{"line":114,"column":8},"end":{"line":114,"column":42}},"type":"binary-expr","locations":[{"start":{"line":114,"column":8},"end":{"line":114,"column":18}},{"start":{"line":114,"column":22},"end":{"line":114,"column":42}}],"line":114}},"s":{"0":1,"1":1,"2":1,"3":1,"4":1,"5":0,"6":0,"7":0,"8":0,"9":0,"10":0,"11":0,"12":0,"13":1,"14":0,"15":0,"16":1,"17":0,"18":0,"19":1,"20":0,"21":0,"22":0,"23":0,"24":0,"25":0,"26":0,"27":0,"28":0,"29":0,"30":0,"31":0,"32":0,"33":0,"34":1,"35":0,"36":0,"37":0,"38":0,"39":0,"40":0,"41":0,"42":0},"f":{"0":0,"1":0,"2":0,"3":0,"4":0},"b":{"0":[0,0],"1":[0,0],"2":[0,0],"3":[0,0],"4":[0,0],"5":[0,0],"6":[0,0],"7":[0,0],"8":[0,0],"9":[0,0],"10":[0,0]},"_coverageSchema":"1a1c01bbd47fc00a2c39e90264f33305004495a9","hash":"301b155a56b9261390efd93633772b86ebfbae80"}
,"C:\\Users\\niiki\\OneDrive\\Desktop\\version2.0\\backend\\controllers\\categoryController.js": {"path":"C:\\Users\\niiki\\OneDrive\\Desktop\\version2.0\\backend\\controllers\\categoryController.js","statementMap":{"0":{"start":{"line":1,"column":17},"end":{"line":1,"column":51}},"1":{"start":{"line":2,"column":16},"end":{"line":2,"column":49}},"2":{"start":{"line":3,"column":21},"end":{"line":3,"column":53}},"3":{"start":{"line":4,"column":26},"end":{"line":4,"column":69}},"4":{"start":{"line":5,"column":19},"end":{"line":5,"column":40}},"5":{"start":{"line":8,"column":0},"end":{"line":22,"column":3}},"6":{"start":{"line":9,"column":16},"end":{"line":9,"column":18}},"7":{"start":{"line":11,"column":4},"end":{"line":16,"column":5}},"8":{"start":{"line":12,"column":23},"end":{"line":14,"column":10}},"9":{"start":{"line":15,"column":8},"end":{"line":15,"column":72}},"10":{"start":{"line":18,"column":4},"end":{"line":18,"column":27}},"11":{"start":{"line":19,"column":21},"end":{"line":19,"column":52}},"12":{"start":{"line":21,"column":4},"end":{"line":21,"column":54}},"13":{"start":{"line":25,"column":0},"end":{"line":28,"column":3}},"14":{"start":{"line":26,"column":23},"end":{"line":26,"column":68}},"15":{"start":{"line":27,"column":4},"end":{"line":27,"column":56}},"16":{"start":{"line":31,"column":0},"end":{"line":34,"column":3}},"17":{"start":{"line":32,"column":23},"end":{"line":32,"column":78}},"18":{"start":{"line":33,"column":4},"end":{"line":33,"column":56}},"19":{"start":{"line":37,"column":0},"end":{"line":41,"column":3}},"20":{"start":{"line":38,"column":25},"end":{"line":38,"column":35}},"21":{"start":{"line":39,"column":23},"end":{"line":39,"column":82}},"22":{"start":{"line":40,"column":4},"end":{"line":40,"column":56}},"23":{"start":{"line":44,"column":0},"end":{"line":50,"column":3}},"24":{"start":{"line":45,"column":21},"end":{"line":45,"column":59}},"25":{"start":{"line":46,"column":4},"end":{"line":48,"column":5}},"26":{"start":{"line":47,"column":8},"end":{"line":47,"column":65}},"27":{"start":{"line":49,"column":4},"end":{"line":49,"column":54}},"28":{"start":{"line":53,"column":0},"end":{"line":75,"column":3}},"29":{"start":{"line":54,"column":19},"end":{"line":54,"column":57}},"30":{"start":{"line":55,"column":4},"end":{"line":57,"column":5}},"31":{"start":{"line":56,"column":8},"end":{"line":56,"column":65}},"32":{"start":{"line":59,"column":4},"end":{"line":67,"column":5}},"33":{"start":{"line":60,"column":8},"end":{"line":62,"column":9}},"34":{"start":{"line":61,"column":12},"end":{"line":61,"column":75}},"35":{"start":{"line":63,"column":23},"end":{"line":65,"column":10}},"36":{"start":{"line":66,"column":8},"end":{"line":66,"column":81}},"37":{"start":{"line":69,"column":4},"end":{"line":72,"column":7}},"38":{"start":{"line":74,"column":4},"end":{"line":74,"column":54}},"39":{"start":{"line":78,"column":0},"end":{"line":112,"column":3}},"40":{"start":{"line":79,"column":21},"end":{"line":79,"column":59}},"41":{"start":{"line":80,"column":4},"end":{"line":82,"column":5}},"42":{"start":{"line":81,"column":8},"end":{"line":81,"column":65}},"43":{"start":{"line":84,"column":33},"end":{"line":84,"column":89}},"44":{"start":{"line":85,"column":4},"end":{"line":92,"column":5}},"45":{"start":{"line":86,"column":8},"end":{"line":91,"column":10}},"46":{"start":{"line":94,"column":26},"end":{"line":94,"column":81}},"47":{"start":{"line":95,"column":4},"end":{"line":102,"column":5}},"48":{"start":{"line":96,"column":8},"end":{"line":101,"column":10}},"49":{"start":{"line":104,"column":4},"end":{"line":106,"column":5}},"50":{"start":{"line":105,"column":8},"end":{"line":105,"column":71}},"51":{"start":{"line":109,"column":4},"end":{"line":109,"column":31}},"52":{"start":{"line":111,"column":4},"end":{"line":111,"column":86}}},"fnMap":{"0":{"name":"(anonymous_0)","decl":{"start":{"line":8,"column":43},"end":{"line":8,"column":44}},"loc":{"start":{"line":8,"column":69},"end":{"line":22,"column":1}},"line":8},"1":{"name":"(anonymous_1)","decl":{"start":{"line":25,"column":45},"end":{"line":25,"column":46}},"loc":{"start":{"line":25,"column":71},"end":{"line":28,"column":1}},"line":25},"2":{"name":"(anonymous_2)","decl":{"start":{"line":31,"column":46},"end":{"line":31,"column":47}},"loc":{"start":{"line":31,"column":72},"end":{"line":34,"column":1}},"line":31},"3":{"name":"(anonymous_3)","decl":{"start":{"line":37,"column":45},"end":{"line":37,"column":46}},"loc":{"start":{"line":37,"column":71},"end":{"line":41,"column":1}},"line":37},"4":{"name":"(anonymous_4)","decl":{"start":{"line":44,"column":47},"end":{"line":44,"column":48}},"loc":{"start":{"line":44,"column":73},"end":{"line":50,"column":1}},"line":44},"5":{"name":"(anonymous_5)","decl":{"start":{"line":53,"column":43},"end":{"line":53,"column":44}},"loc":{"start":{"line":53,"column":69},"end":{"line":75,"column":1}},"line":53},"6":{"name":"(anonymous_6)","decl":{"start":{"line":78,"column":43},"end":{"line":78,"column":44}},"loc":{"start":{"line":78,"column":69},"end":{"line":112,"column":1}},"line":78}},"branchMap":{"0":{"loc":{"start":{"line":11,"column":4},"end":{"line":16,"column":5}},"type":"if","locations":[{"start":{"line":11,"column":4},"end":{"line":16,"column":5}},{"start":{},"end":{}}],"line":11},"1":{"loc":{"start":{"line":46,"column":4},"end":{"line":48,"column":5}},"type":"if","locations":[{"start":{"line":46,"column":4},"end":{"line":48,"column":5}},{"start":{},"end":{}}],"line":46},"2":{"loc":{"start":{"line":55,"column":4},"end":{"line":57,"column":5}},"type":"if","locations":[{"start":{"line":55,"column":4},"end":{"line":57,"column":5}},{"start":{},"end":{}}],"line":55},"3":{"loc":{"start":{"line":59,"column":4},"end":{"line":67,"column":5}},"type":"if","locations":[{"start":{"line":59,"column":4},"end":{"line":67,"column":5}},{"start":{},"end":{}}],"line":59},"4":{"loc":{"start":{"line":60,"column":8},"end":{"line":62,"column":9}},"type":"if","locations":[{"start":{"line":60,"column":8},"end":{"line":62,"column":9}},{"start":{},"end":{}}],"line":60},"5":{"loc":{"start":{"line":60,"column":12},"end":{"line":60,"column":54}},"type":"binary-expr","locations":[{"start":{"line":60,"column":12},"end":{"line":60,"column":26}},{"start":{"line":60,"column":30},"end":{"line":60,"column":54}}],"line":60},"6":{"loc":{"start":{"line":80,"column":4},"end":{"line":82,"column":5}},"type":"if","locations":[{"start":{"line":80,"column":4},"end":{"line":82,"column":5}},{"start":{},"end":{}}],"line":80},"7":{"loc":{"start":{"line":85,"column":4},"end":{"line":92,"column":5}},"type":"if","locations":[{"start":{"line":85,"column":4},"end":{"line":92,"column":5}},{"start":{},"end":{}}],"line":85},"8":{"loc":{"start":{"line":95,"column":4},"end":{"line":102,"column":5}},"type":"if","locations":[{"start":{"line":95,"column":4},"end":{"line":102,"column":5}},{"start":{},"end":{}}],"line":95},"9":{"loc":{"start":{"line":104,"column":4},"end":{"line":106,"column":5}},"type":"if","locations":[{"start":{"line":104,"column":4},"end":{"line":106,"column":5}},{"start":{},"end":{}}],"line":104},"10":{"loc":{"start":{"line":104,"column":8},"end":{"line":104,"column":50}},"type":"binary-expr","locations":[{"start":{"line":104,"column":8},"end":{"line":104,"column":22}},{"start":{"line":104,"column":26},"end":{"line":104,"column":50}}],"line":104}},"s":{"0":1,"1":1,"2":1,"3":1,"4":1,"5":1,"6":0,"7":0,"8":0,"9":0,"10":0,"11":0,"12":0,"13":1,"14":0,"15":0,"16":1,"17":0,"18":0,"19":1,"20":0,"21":0,"22":0,"23":1,"24":0,"25":0,"26":0,"27":0,"28":1,"29":0,"30":0,"31":0,"32":0,"33":0,"34":0,"35":0,"36":0,"37":0,"38":0,"39":1,"40":0,"41":0,"42":0,"43":0,"44":0,"45":0,"46":0,"47":0,"48":0,"49":0,"50":0,"51":0,"52":0},"f":{"0":0,"1":0,"2":0,"3":0,"4":0,"5":0,"6":0},"b":{"0":[0,0],"1":[0,0],"2":[0,0],"3":[0,0],"4":[0,0],"5":[0,0],"6":[0,0],"7":[0,0],"8":[0,0],"9":[0,0],"10":[0,0]},"_coverageSchema":"1a1c01bbd47fc00a2c39e90264f33305004495a9","hash":"4ff2c01f9bb7070b21e66a648d06466504b4ab40"}
,"C:\\Users\\niiki\\OneDrive\\Desktop\\version2.0\\backend\\controllers\\couponController.js": {"path":"C:\\Users\\niiki\\OneDrive\\Desktop\\version2.0\\backend\\controllers\\couponController.js","statementMap":{"0":{"start":{"line":1,"column":15},"end":{"line":1,"column":47}},"1":{"start":{"line":2,"column":21},"end":{"line":2,"column":53}},"2":{"start":{"line":3,"column":25},"end":{"line":3,"column":67}},"3":{"start":{"line":6,"column":0},"end":{"line":10,"column":3}},"4":{"start":{"line":7,"column":4},"end":{"line":7,"column":32}},"5":{"start":{"line":8,"column":19},"end":{"line":8,"column":48}},"6":{"start":{"line":9,"column":4},"end":{"line":9,"column":52}},"7":{"start":{"line":13,"column":0},"end":{"line":16,"column":3}},"8":{"start":{"line":14,"column":20},"end":{"line":14,"column":63}},"9":{"start":{"line":15,"column":4},"end":{"line":15,"column":76}},"10":{"start":{"line":19,"column":0},"end":{"line":25,"column":3}},"11":{"start":{"line":20,"column":19},"end":{"line":20,"column":55}},"12":{"start":{"line":21,"column":4},"end":{"line":23,"column":5}},"13":{"start":{"line":22,"column":8},"end":{"line":22,"column":63}},"14":{"start":{"line":24,"column":4},"end":{"line":24,"column":52}},"15":{"start":{"line":28,"column":0},"end":{"line":38,"column":3}},"16":{"start":{"line":29,"column":17},"end":{"line":29,"column":53}},"17":{"start":{"line":30,"column":4},"end":{"line":32,"column":5}},"18":{"start":{"line":31,"column":8},"end":{"line":31,"column":63}},"19":{"start":{"line":33,"column":4},"end":{"line":36,"column":7}},"20":{"start":{"line":37,"column":4},"end":{"line":37,"column":52}},"21":{"start":{"line":41,"column":0},"end":{"line":49,"column":3}},"22":{"start":{"line":42,"column":19},"end":{"line":42,"column":55}},"23":{"start":{"line":43,"column":4},"end":{"line":45,"column":5}},"24":{"start":{"line":44,"column":8},"end":{"line":44,"column":63}},"25":{"start":{"line":47,"column":4},"end":{"line":47,"column":29}},"26":{"start":{"line":48,"column":4},"end":{"line":48,"column":84}},"27":{"start":{"line":52,"column":0},"end":{"line":80,"column":3}},"28":{"start":{"line":53,"column":29},"end":{"line":53,"column":37}},"29":{"start":{"line":55,"column":4},"end":{"line":57,"column":5}},"30":{"start":{"line":56,"column":8},"end":{"line":56,"column":93}},"31":{"start":{"line":59,"column":19},"end":{"line":59,"column":69}},"32":{"start":{"line":60,"column":4},"end":{"line":62,"column":5}},"33":{"start":{"line":61,"column":8},"end":{"line":61,"column":66}},"34":{"start":{"line":64,"column":29},"end":{"line":64,"column":70}},"35":{"start":{"line":65,"column":4},"end":{"line":67,"column":5}},"36":{"start":{"line":66,"column":8},"end":{"line":66,"column":69}},"37":{"start":{"line":69,"column":27},"end":{"line":69,"column":67}},"38":{"start":{"line":70,"column":24},"end":{"line":70,"column":55}},"39":{"start":{"line":72,"column":4},"end":{"line":79,"column":7}},"40":{"start":{"line":83,"column":0},"end":{"line":121,"column":3}},"41":{"start":{"line":84,"column":21},"end":{"line":84,"column":29}},"42":{"start":{"line":86,"column":4},"end":{"line":88,"column":5}},"43":{"start":{"line":87,"column":8},"end":{"line":87,"column":73}},"44":{"start":{"line":91,"column":19},"end":{"line":103,"column":5}},"45":{"start":{"line":105,"column":4},"end":{"line":114,"column":5}},"46":{"start":{"line":107,"column":28},"end":{"line":107,"column":78}},"47":{"start":{"line":108,"column":8},"end":{"line":108,"column":81}},"48":{"start":{"line":108,"column":26},"end":{"line":108,"column":81}},"49":{"start":{"line":109,"column":8},"end":{"line":109,"column":97}},"50":{"start":{"line":109,"column":35},"end":{"line":109,"column":97}},"51":{"start":{"line":110,"column":8},"end":{"line":110,"column":140}},"52":{"start":{"line":110,"column":62},"end":{"line":110,"column":140}},"53":{"start":{"line":111,"column":8},"end":{"line":111,"column":127}},"54":{"start":{"line":111,"column":55},"end":{"line":111,"column":127}},"55":{"start":{"line":113,"column":8},"end":{"line":113,"column":75}},"56":{"start":{"line":116,"column":4},"end":{"line":120,"column":7}}},"fnMap":{"0":{"name":"(anonymous_0)","decl":{"start":{"line":6,"column":40},"end":{"line":6,"column":41}},"loc":{"start":{"line":6,"column":66},"end":{"line":10,"column":1}},"line":6},"1":{"name":"(anonymous_1)","decl":{"start":{"line":13,"column":41},"end":{"line":13,"column":42}},"loc":{"start":{"line":13,"column":67},"end":{"line":16,"column":1}},"line":13},"2":{"name":"(anonymous_2)","decl":{"start":{"line":19,"column":44},"end":{"line":19,"column":45}},"loc":{"start":{"line":19,"column":70},"end":{"line":25,"column":1}},"line":19},"3":{"name":"(anonymous_3)","decl":{"start":{"line":28,"column":40},"end":{"line":28,"column":41}},"loc":{"start":{"line":28,"column":66},"end":{"line":38,"column":1}},"line":28},"4":{"name":"(anonymous_4)","decl":{"start":{"line":41,"column":40},"end":{"line":41,"column":41}},"loc":{"start":{"line":41,"column":66},"end":{"line":49,"column":1}},"line":41},"5":{"name":"(anonymous_5)","decl":{"start":{"line":52,"column":39},"end":{"line":52,"column":40}},"loc":{"start":{"line":52,"column":65},"end":{"line":80,"column":1}},"line":52},"6":{"name":"(anonymous_6)","decl":{"start":{"line":83,"column":40},"end":{"line":83,"column":41}},"loc":{"start":{"line":83,"column":66},"end":{"line":121,"column":1}},"line":83}},"branchMap":{"0":{"loc":{"start":{"line":21,"column":4},"end":{"line":23,"column":5}},"type":"if","locations":[{"start":{"line":21,"column":4},"end":{"line":23,"column":5}},{"start":{},"end":{}}],"line":21},"1":{"loc":{"start":{"line":30,"column":4},"end":{"line":32,"column":5}},"type":"if","locations":[{"start":{"line":30,"column":4},"end":{"line":32,"column":5}},{"start":{},"end":{}}],"line":30},"2":{"loc":{"start":{"line":43,"column":4},"end":{"line":45,"column":5}},"type":"if","locations":[{"start":{"line":43,"column":4},"end":{"line":45,"column":5}},{"start":{},"end":{}}],"line":43},"3":{"loc":{"start":{"line":55,"column":4},"end":{"line":57,"column":5}},"type":"if","locations":[{"start":{"line":55,"column":4},"end":{"line":57,"column":5}},{"start":{},"end":{}}],"line":55},"4":{"loc":{"start":{"line":55,"column":8},"end":{"line":55,"column":24}},"type":"binary-expr","locations":[{"start":{"line":55,"column":8},"end":{"line":55,"column":13}},{"start":{"line":55,"column":17},"end":{"line":55,"column":24}}],"line":55},"5":{"loc":{"start":{"line":60,"column":4},"end":{"line":62,"column":5}},"type":"if","locations":[{"start":{"line":60,"column":4},"end":{"line":62,"column":5}},{"start":{},"end":{}}],"line":60},"6":{"loc":{"start":{"line":65,"column":4},"end":{"line":67,"column":5}},"type":"if","locations":[{"start":{"line":65,"column":4},"end":{"line":67,"column":5}},{"start":{},"end":{}}],"line":65},"7":{"loc":{"start":{"line":86,"column":4},"end":{"line":88,"column":5}},"type":"if","locations":[{"start":{"line":86,"column":4},"end":{"line":88,"column":5}},{"start":{},"end":{}}],"line":86},"8":{"loc":{"start":{"line":105,"column":4},"end":{"line":114,"column":5}},"type":"if","locations":[{"start":{"line":105,"column":4},"end":{"line":114,"column":5}},{"start":{},"end":{}}],"line":105},"9":{"loc":{"start":{"line":108,"column":8},"end":{"line":108,"column":81}},"type":"if","locations":[{"start":{"line":108,"column":8},"end":{"line":108,"column":81}},{"start":{},"end":{}}],"line":108},"10":{"loc":{"start":{"line":109,"column":8},"end":{"line":109,"column":97}},"type":"if","locations":[{"start":{"line":109,"column":8},"end":{"line":109,"column":97}},{"start":{},"end":{}}],"line":109},"11":{"loc":{"start":{"line":110,"column":8},"end":{"line":110,"column":140}},"type":"if","locations":[{"start":{"line":110,"column":8},"end":{"line":110,"column":140}},{"start":{},"end":{}}],"line":110},"12":{"loc":{"start":{"line":111,"column":8},"end":{"line":111,"column":127}},"type":"if","locations":[{"start":{"line":111,"column":8},"end":{"line":111,"column":127}},{"start":{},"end":{}}],"line":111}},"s":{"0":1,"1":1,"2":1,"3":1,"4":0,"5":0,"6":0,"7":1,"8":0,"9":0,"10":1,"11":0,"12":0,"13":0,"14":0,"15":1,"16":0,"17":0,"18":0,"19":0,"20":0,"21":1,"22":0,"23":0,"24":0,"25":0,"26":0,"27":1,"28":0,"29":0,"30":0,"31":0,"32":0,"33":0,"34":0,"35":0,"36":0,"37":0,"38":0,"39":0,"40":1,"41":0,"42":0,"43":0,"44":0,"45":0,"46":0,"47":0,"48":0,"49":0,"50":0,"51":0,"52":0,"53":0,"54":0,"55":0,"56":0},"f":{"0":0,"1":0,"2":0,"3":0,"4":0,"5":0,"6":0},"b":{"0":[0,0],"1":[0,0],"2":[0,0],"3":[0,0],"4":[0,0],"5":[0,0],"6":[0,0],"7":[0,0],"8":[0,0],"9":[0,0],"10":[0,0],"11":[0,0],"12":[0,0]},"_coverageSchema":"1a1c01bbd47fc00a2c39e90264f33305004495a9","hash":"8d57c6b552263e7477b46d44c26fced56f482f42"}
,"C:\\Users\\niiki\\OneDrive\\Desktop\\version2.0\\backend\\controllers\\orderController.js": {"path":"C:\\Users\\niiki\\OneDrive\\Desktop\\version2.0\\backend\\controllers\\orderController.js","statementMap":{"0":{"start":{"line":1,"column":26},"end":{"line":1,"column":69}},"1":{"start":{"line":2,"column":14},"end":{"line":2,"column":45}},"2":{"start":{"line":3,"column":16},"end":{"line":3,"column":49}},"3":{"start":{"line":4,"column":21},"end":{"line":4,"column":53}},"4":{"start":{"line":5,"column":18},"end":{"line":5,"column":47}},"5":{"start":{"line":8,"column":20},"end":{"line":13,"column":1}},"6":{"start":{"line":16,"column":0},"end":{"line":76,"column":3}},"7":{"start":{"line":25,"column":8},"end":{"line":25,"column":16}},"8":{"start":{"line":28,"column":4},"end":{"line":30,"column":5}},"9":{"start":{"line":29,"column":8},"end":{"line":29,"column":78}},"10":{"start":{"line":31,"column":4},"end":{"line":33,"column":5}},"11":{"start":{"line":32,"column":8},"end":{"line":32,"column":71}},"12":{"start":{"line":36,"column":23},"end":{"line":36,"column":80}},"13":{"start":{"line":37,"column":4},"end":{"line":39,"column":5}},"14":{"start":{"line":38,"column":8},"end":{"line":38,"column":67}},"15":{"start":{"line":41,"column":18},"end":{"line":50,"column":6}},"16":{"start":{"line":52,"column":4},"end":{"line":73,"column":5}},"17":{"start":{"line":53,"column":8},"end":{"line":69,"column":11}},"18":{"start":{"line":72,"column":8},"end":{"line":72,"column":76}},"19":{"start":{"line":75,"column":4},"end":{"line":75,"column":51}},"20":{"start":{"line":79,"column":0},"end":{"line":85,"column":3}},"21":{"start":{"line":80,"column":18},"end":{"line":80,"column":84}},"22":{"start":{"line":81,"column":4},"end":{"line":83,"column":5}},"23":{"start":{"line":82,"column":8},"end":{"line":82,"column":62}},"24":{"start":{"line":84,"column":4},"end":{"line":84,"column":51}},"25":{"start":{"line":88,"column":0},"end":{"line":91,"column":3}},"26":{"start":{"line":89,"column":19},"end":{"line":89,"column":83}},"27":{"start":{"line":90,"column":4},"end":{"line":90,"column":52}},"28":{"start":{"line":94,"column":0},"end":{"line":102,"column":3}},"29":{"start":{"line":95,"column":19},"end":{"line":95,"column":61}},"30":{"start":{"line":98,"column":22},"end":{"line":98,"column":23}},"31":{"start":{"line":99,"column":4},"end":{"line":99,"column":68}},"32":{"start":{"line":99,"column":32},"end":{"line":99,"column":64}},"33":{"start":{"line":101,"column":4},"end":{"line":101,"column":65}},"34":{"start":{"line":105,"column":0},"end":{"line":207,"column":3}},"35":{"start":{"line":107,"column":18},"end":{"line":107,"column":84}},"36":{"start":{"line":108,"column":4},"end":{"line":110,"column":5}},"37":{"start":{"line":109,"column":8},"end":{"line":109,"column":62}},"38":{"start":{"line":112,"column":4},"end":{"line":114,"column":5}},"39":{"start":{"line":113,"column":8},"end":{"line":113,"column":84}},"40":{"start":{"line":116,"column":22},"end":{"line":116,"column":37}},"41":{"start":{"line":119,"column":32},"end":{"line":119,"column":68}},"42":{"start":{"line":120,"column":4},"end":{"line":127,"column":5}},"43":{"start":{"line":121,"column":8},"end":{"line":126,"column":10}},"44":{"start":{"line":129,"column":4},"end":{"line":158,"column":5}},"45":{"start":{"line":130,"column":8},"end":{"line":130,"column":37}},"46":{"start":{"line":133,"column":8},"end":{"line":135,"column":10}},"47":{"start":{"line":134,"column":43},"end":{"line":134,"column":83}},"48":{"start":{"line":137,"column":8},"end":{"line":157,"column":9}},"49":{"start":{"line":138,"column":12},"end":{"line":154,"column":15}},"50":{"start":{"line":156,"column":12},"end":{"line":156,"column":69}},"51":{"start":{"line":160,"column":4},"end":{"line":160,"column":34}},"52":{"start":{"line":162,"column":4},"end":{"line":186,"column":5}},"53":{"start":{"line":163,"column":8},"end":{"line":163,"column":39}},"54":{"start":{"line":165,"column":8},"end":{"line":185,"column":9}},"55":{"start":{"line":166,"column":12},"end":{"line":182,"column":15}},"56":{"start":{"line":184,"column":12},"end":{"line":184,"column":71}},"57":{"start":{"line":188,"column":4},"end":{"line":202,"column":5}},"58":{"start":{"line":190,"column":8},"end":{"line":201,"column":9}},"59":{"start":{"line":191,"column":12},"end":{"line":200,"column":13}},"60":{"start":{"line":192,"column":40},"end":{"line":192,"column":78}},"61":{"start":{"line":193,"column":31},"end":{"line":193,"column":106}},"62":{"start":{"line":194,"column":16},"end":{"line":194,"column":49}},"63":{"start":{"line":195,"column":16},"end":{"line":197,"column":17}},"64":{"start":{"line":196,"column":20},"end":{"line":196,"column":70}},"65":{"start":{"line":199,"column":16},"end":{"line":199,"column":98}},"66":{"start":{"line":204,"column":4},"end":{"line":204,"column":52}},"67":{"start":{"line":206,"column":4},"end":{"line":206,"column":93}},"68":{"start":{"line":210,"column":20},"end":{"line":210,"column":46}},"69":{"start":{"line":211,"column":4},"end":{"line":214,"column":5}},"70":{"start":{"line":212,"column":8},"end":{"line":212,"column":62}},"71":{"start":{"line":213,"column":8},"end":{"line":213,"column":58}},"72":{"start":{"line":218,"column":0},"end":{"line":225,"column":3}},"73":{"start":{"line":219,"column":18},"end":{"line":219,"column":53}},"74":{"start":{"line":220,"column":4},"end":{"line":222,"column":5}},"75":{"start":{"line":221,"column":8},"end":{"line":221,"column":62}},"76":{"start":{"line":223,"column":4},"end":{"line":223,"column":28}},"77":{"start":{"line":224,"column":4},"end":{"line":224,"column":83}}},"fnMap":{"0":{"name":"(anonymous_0)","decl":{"start":{"line":16,"column":37},"end":{"line":16,"column":38}},"loc":{"start":{"line":16,"column":63},"end":{"line":76,"column":1}},"line":16},"1":{"name":"(anonymous_1)","decl":{"start":{"line":79,"column":50},"end":{"line":79,"column":51}},"loc":{"start":{"line":79,"column":76},"end":{"line":85,"column":1}},"line":79},"2":{"name":"(anonymous_2)","decl":{"start":{"line":88,"column":37},"end":{"line":88,"column":38}},"loc":{"start":{"line":88,"column":63},"end":{"line":91,"column":1}},"line":88},"3":{"name":"(anonymous_3)","decl":{"start":{"line":94,"column":41},"end":{"line":94,"column":42}},"loc":{"start":{"line":94,"column":67},"end":{"line":102,"column":1}},"line":94},"4":{"name":"(anonymous_4)","decl":{"start":{"line":99,"column":19},"end":{"line":99,"column":20}},"loc":{"start":{"line":99,"column":30},"end":{"line":99,"column":66}},"line":99},"5":{"name":"(anonymous_5)","decl":{"start":{"line":105,"column":40},"end":{"line":105,"column":41}},"loc":{"start":{"line":105,"column":66},"end":{"line":207,"column":1}},"line":105},"6":{"name":"(anonymous_6)","decl":{"start":{"line":134,"column":33},"end":{"line":134,"column":34}},"loc":{"start":{"line":134,"column":43},"end":{"line":134,"column":83}},"line":134},"7":{"name":"updateStock","decl":{"start":{"line":209,"column":15},"end":{"line":209,"column":26}},"loc":{"start":{"line":209,"column":41},"end":{"line":215,"column":1}},"line":209},"8":{"name":"(anonymous_8)","decl":{"start":{"line":218,"column":40},"end":{"line":218,"column":41}},"loc":{"start":{"line":218,"column":66},"end":{"line":225,"column":1}},"line":218}},"branchMap":{"0":{"loc":{"start":{"line":28,"column":4},"end":{"line":30,"column":5}},"type":"if","locations":[{"start":{"line":28,"column":4},"end":{"line":30,"column":5}},{"start":{},"end":{}}],"line":28},"1":{"loc":{"start":{"line":28,"column":8},"end":{"line":28,"column":39}},"type":"binary-expr","locations":[{"start":{"line":28,"column":8},"end":{"line":28,"column":20}},{"start":{"line":28,"column":24},"end":{"line":28,"column":39}}],"line":28},"2":{"loc":{"start":{"line":31,"column":4},"end":{"line":33,"column":5}},"type":"if","locations":[{"start":{"line":31,"column":4},"end":{"line":33,"column":5}},{"start":{},"end":{}}],"line":31},"3":{"loc":{"start":{"line":31,"column":8},"end":{"line":31,"column":46}},"type":"binary-expr","locations":[{"start":{"line":31,"column":8},"end":{"line":31,"column":19}},{"start":{"line":31,"column":23},"end":{"line":31,"column":46}}],"line":31},"4":{"loc":{"start":{"line":37,"column":4},"end":{"line":39,"column":5}},"type":"if","locations":[{"start":{"line":37,"column":4},"end":{"line":39,"column":5}},{"start":{},"end":{}}],"line":37},"5":{"loc":{"start":{"line":81,"column":4},"end":{"line":83,"column":5}},"type":"if","locations":[{"start":{"line":81,"column":4},"end":{"line":83,"column":5}},{"start":{},"end":{}}],"line":81},"6":{"loc":{"start":{"line":108,"column":4},"end":{"line":110,"column":5}},"type":"if","locations":[{"start":{"line":108,"column":4},"end":{"line":110,"column":5}},{"start":{},"end":{}}],"line":108},"7":{"loc":{"start":{"line":112,"column":4},"end":{"line":114,"column":5}},"type":"if","locations":[{"start":{"line":112,"column":4},"end":{"line":114,"column":5}},{"start":{},"end":{}}],"line":112},"8":{"loc":{"start":{"line":119,"column":32},"end":{"line":119,"column":68}},"type":"binary-expr","locations":[{"start":{"line":119,"column":32},"end":{"line":119,"column":62}},{"start":{"line":119,"column":66},"end":{"line":119,"column":68}}],"line":119},"9":{"loc":{"start":{"line":120,"column":4},"end":{"line":127,"column":5}},"type":"if","locations":[{"start":{"line":120,"column":4},"end":{"line":127,"column":5}},{"start":{},"end":{}}],"line":120},"10":{"loc":{"start":{"line":123,"column":96},"end":{"line":123,"column":136}},"type":"binary-expr","locations":[{"start":{"line":123,"column":96},"end":{"line":123,"column":126}},{"start":{"line":123,"column":130},"end":{"line":123,"column":136}}],"line":123},"11":{"loc":{"start":{"line":129,"column":4},"end":{"line":158,"column":5}},"type":"if","locations":[{"start":{"line":129,"column":4},"end":{"line":158,"column":5}},{"start":{},"end":{}}],"line":129},"12":{"loc":{"start":{"line":162,"column":4},"end":{"line":186,"column":5}},"type":"if","locations":[{"start":{"line":162,"column":4},"end":{"line":186,"column":5}},{"start":{},"end":{}}],"line":162},"13":{"loc":{"start":{"line":188,"column":4},"end":{"line":202,"column":5}},"type":"if","locations":[{"start":{"line":188,"column":4},"end":{"line":202,"column":5}},{"start":{},"end":{}}],"line":188},"14":{"loc":{"start":{"line":190,"column":8},"end":{"line":201,"column":9}},"type":"if","locations":[{"start":{"line":190,"column":8},"end":{"line":201,"column":9}},{"start":{},"end":{}}],"line":190},"15":{"loc":{"start":{"line":190,"column":12},"end":{"line":190,"column":80}},"type":"binary-expr","locations":[{"start":{"line":190,"column":12},"end":{"line":190,"column":46}},{"start":{"line":190,"column":50},"end":{"line":190,"column":80}}],"line":190},"16":{"loc":{"start":{"line":195,"column":16},"end":{"line":197,"column":17}},"type":"if","locations":[{"start":{"line":195,"column":16},"end":{"line":197,"column":17}},{"start":{},"end":{}}],"line":195},"17":{"loc":{"start":{"line":211,"column":4},"end":{"line":214,"column":5}},"type":"if","locations":[{"start":{"line":211,"column":4},"end":{"line":214,"column":5}},{"start":{},"end":{}}],"line":211},"18":{"loc":{"start":{"line":220,"column":4},"end":{"line":222,"column":5}},"type":"if","locations":[{"start":{"line":220,"column":4},"end":{"line":222,"column":5}},{"start":{},"end":{}}],"line":220}},"s":{"0":1,"1":1,"2":1,"3":1,"4":1,"5":1,"6":1,"7":0,"8":0,"9":0,"10":0,"11":0,"12":0,"13":0,"14":0,"15":0,"16":0,"17":0,"18":0,"19":0,"20":1,"21":0,"22":0,"23":0,"24":0,"25":1,"26":0,"27":0,"28":1,"29":0,"30":0,"31":0,"32":0,"33":0,"34":1,"35":0,"36":0,"37":0,"38":0,"39":0,"40":0,"41":0,"42":0,"43":0,"44":0,"45":0,"46":0,"47":0,"48":0,"49":0,"50":0,"51":0,"52":0,"53":0,"54":0,"55":0,"56":0,"57":0,"58":0,"59":0,"60":0,"61":0,"62":0,"63":0,"64":0,"65":0,"66":0,"67":0,"68":0,"69":0,"70":0,"71":0,"72":1,"73":0,"74":0,"75":0,"76":0,"77":0},"f":{"0":0,"1":0,"2":0,"3":0,"4":0,"5":0,"6":0,"7":0,"8":0},"b":{"0":[0,0],"1":[0,0],"2":[0,0],"3":[0,0],"4":[0,0],"5":[0,0],"6":[0,0],"7":[0,0],"8":[0,0],"9":[0,0],"10":[0,0],"11":[0,0],"12":[0,0],"13":[0,0],"14":[0,0],"15":[0,0],"16":[0,0],"17":[0,0],"18":[0,0]},"_coverageSchema":"1a1c01bbd47fc00a2c39e90264f33305004495a9","hash":"cb34838513a609c595def5091aa9efd774f3c4db"}
,"C:\\Users\\niiki\\OneDrive\\Desktop\\version2.0\\backend\\controllers\\paymentAnalyticsController.js": {"path":"C:\\Users\\niiki\\OneDrive\\Desktop\\version2.0\\backend\\controllers\\paymentAnalyticsController.js","statementMap":{"0":{"start":{"line":1,"column":26},"end":{"line":1,"column":69}},"1":{"start":{"line":2,"column":14},"end":{"line":2,"column":45}},"2":{"start":{"line":3,"column":25},"end":{"line":3,"column":67}},"3":{"start":{"line":4,"column":19},"end":{"line":4,"column":55}},"4":{"start":{"line":7,"column":0},"end":{"line":38,"column":3}},"5":{"start":{"line":8,"column":18},"end":{"line":28,"column":6}},"6":{"start":{"line":31,"column":27},"end":{"line":31,"column":84}},"7":{"start":{"line":33,"column":4},"end":{"line":37,"column":7}},"8":{"start":{"line":41,"column":0},"end":{"line":47,"column":3}},"9":{"start":{"line":42,"column":24},"end":{"line":42,"column":71}},"10":{"start":{"line":43,"column":4},"end":{"line":46,"column":7}}},"fnMap":{"0":{"name":"(anonymous_0)","decl":{"start":{"line":7,"column":44},"end":{"line":7,"column":45}},"loc":{"start":{"line":7,"column":70},"end":{"line":38,"column":1}},"line":7},"1":{"name":"(anonymous_1)","decl":{"start":{"line":41,"column":43},"end":{"line":41,"column":44}},"loc":{"start":{"line":41,"column":69},"end":{"line":47,"column":1}},"line":41}},"branchMap":{"0":{"loc":{"start":{"line":35,"column":15},"end":{"line":35,"column":29}},"type":"binary-expr","locations":[{"start":{"line":35,"column":15},"end":{"line":35,"column":23}},{"start":{"line":35,"column":27},"end":{"line":35,"column":29}}],"line":35}},"s":{"0":1,"1":1,"2":1,"3":1,"4":1,"5":0,"6":0,"7":0,"8":1,"9":0,"10":0},"f":{"0":0,"1":0},"b":{"0":[0,0]},"_coverageSchema":"1a1c01bbd47fc00a2c39e90264f33305004495a9","hash":"49d5ffbc5b2b8ca3ceea2e4aafe45b9f63cc7179"}
,"C:\\Users\\niiki\\OneDrive\\Desktop\\version2.0\\backend\\controllers\\paymentController.js": {"path":"C:\\Users\\niiki\\OneDrive\\Desktop\\version2.0\\backend\\controllers\\paymentController.js","statementMap":{"0":{"start":{"line":1,"column":26},"end":{"line":1,"column":69}},"1":{"start":{"line":2,"column":15},"end":{"line":2,"column":63}},"2":{"start":{"line":3,"column":14},"end":{"line":3,"column":38}},"3":{"start":{"line":4,"column":14},"end":{"line":4,"column":30}},"4":{"start":{"line":5,"column":16},"end":{"line":5,"column":49}},"5":{"start":{"line":6,"column":14},"end":{"line":6,"column":45}},"6":{"start":{"line":7,"column":19},"end":{"line":7,"column":55}},"7":{"start":{"line":8,"column":25},"end":{"line":8,"column":67}},"8":{"start":{"line":9,"column":23},"end":{"line":9,"column":60}},"9":{"start":{"line":10,"column":21},"end":{"line":10,"column":53}},"10":{"start":{"line":11,"column":23},"end":{"line":11,"column":38}},"11":{"start":{"line":14,"column":0},"end":{"line":60,"column":3}},"12":{"start":{"line":15,"column":53},"end":{"line":15,"column":61}},"13":{"start":{"line":17,"column":4},"end":{"line":19,"column":5}},"14":{"start":{"line":18,"column":8},"end":{"line":18,"column":85}},"15":{"start":{"line":21,"column":4},"end":{"line":23,"column":5}},"16":{"start":{"line":22,"column":8},"end":{"line":22,"column":69}},"17":{"start":{"line":26,"column":4},"end":{"line":31,"column":5}},"18":{"start":{"line":27,"column":29},"end":{"line":27,"column":72}},"19":{"start":{"line":28,"column":8},"end":{"line":30,"column":9}},"20":{"start":{"line":29,"column":12},"end":{"line":29,"column":76}},"21":{"start":{"line":34,"column":4},"end":{"line":48,"column":5}},"22":{"start":{"line":35,"column":30},"end":{"line":35,"column":31}},"23":{"start":{"line":36,"column":24},"end":{"line":36,"column":57}},"24":{"start":{"line":37,"column":8},"end":{"line":42,"column":9}},"25":{"start":{"line":38,"column":28},"end":{"line":38,"column":76}},"26":{"start":{"line":39,"column":12},"end":{"line":41,"column":13}},"27":{"start":{"line":40,"column":16},"end":{"line":40,"column":72}},"28":{"start":{"line":45,"column":8},"end":{"line":47,"column":9}},"29":{"start":{"line":46,"column":12},"end":{"line":46,"column":135}},"30":{"start":{"line":50,"column":22},"end":{"line":54,"column":6}},"31":{"start":{"line":56,"column":4},"end":{"line":59,"column":7}},"32":{"start":{"line":63,"column":0},"end":{"line":77,"column":3}},"33":{"start":{"line":64,"column":37},"end":{"line":64,"column":45}},"34":{"start":{"line":66,"column":4},"end":{"line":68,"column":5}},"35":{"start":{"line":67,"column":8},"end":{"line":67,"column":84}},"36":{"start":{"line":72,"column":4},"end":{"line":74,"column":5}},"37":{"start":{"line":73,"column":8},"end":{"line":73,"column":72}},"38":{"start":{"line":76,"column":4},"end":{"line":76,"column":86}},"39":{"start":{"line":80,"column":0},"end":{"line":82,"column":3}},"40":{"start":{"line":81,"column":4},"end":{"line":81,"column":71}},"41":{"start":{"line":85,"column":0},"end":{"line":107,"column":3}},"42":{"start":{"line":86,"column":39},"end":{"line":86,"column":47}},"43":{"start":{"line":88,"column":19},"end":{"line":99,"column":5}},"44":{"start":{"line":101,"column":4},"end":{"line":106,"column":5}},"45":{"start":{"line":102,"column":25},"end":{"line":102,"column":94}},"46":{"start":{"line":103,"column":8},"end":{"line":103,"column":85}},"47":{"start":{"line":105,"column":8},"end":{"line":105,"column":91}},"48":{"start":{"line":110,"column":0},"end":{"line":178,"column":2}},"49":{"start":{"line":111,"column":24},"end":{"line":111,"column":45}},"50":{"start":{"line":112,"column":4},"end":{"line":112,"column":33}},"51":{"start":{"line":115,"column":4},"end":{"line":123,"column":5}},"52":{"start":{"line":116,"column":8},"end":{"line":120,"column":10}},"53":{"start":{"line":122,"column":8},"end":{"line":122,"column":75}},"54":{"start":{"line":125,"column":4},"end":{"line":127,"column":5}},"55":{"start":{"line":126,"column":8},"end":{"line":126,"column":93}},"56":{"start":{"line":129,"column":24},"end":{"line":131,"column":5}},"57":{"start":{"line":133,"column":4},"end":{"line":177,"column":5}},"58":{"start":{"line":134,"column":25},"end":{"line":137,"column":9}},"59":{"start":{"line":138,"column":8},"end":{"line":138,"column":51}},"60":{"start":{"line":140,"column":26},"end":{"line":140,"column":53}},"61":{"start":{"line":141,"column":24},"end":{"line":152,"column":9}},"62":{"start":{"line":154,"column":23},"end":{"line":154,"column":25}},"63":{"start":{"line":155,"column":25},"end":{"line":167,"column":10}},"64":{"start":{"line":156,"column":12},"end":{"line":156,"column":67}},"65":{"start":{"line":156,"column":45},"end":{"line":156,"column":63}},"66":{"start":{"line":157,"column":12},"end":{"line":166,"column":15}},"67":{"start":{"line":158,"column":16},"end":{"line":165,"column":17}},"68":{"start":{"line":159,"column":37},"end":{"line":159,"column":57}},"69":{"start":{"line":160,"column":20},"end":{"line":160,"column":43}},"70":{"start":{"line":161,"column":41},"end":{"line":161,"column":97}},"71":{"start":{"line":162,"column":20},"end":{"line":162,"column":74}},"72":{"start":{"line":164,"column":20},"end":{"line":164,"column":86}},"73":{"start":{"line":169,"column":8},"end":{"line":171,"column":11}},"74":{"start":{"line":170,"column":12},"end":{"line":170,"column":77}},"75":{"start":{"line":173,"column":8},"end":{"line":173,"column":34}},"76":{"start":{"line":174,"column":8},"end":{"line":174,"column":23}},"77":{"start":{"line":176,"column":8},"end":{"line":176,"column":72}},"78":{"start":{"line":180,"column":19},"end":{"line":187,"column":1}},"79":{"start":{"line":181,"column":4},"end":{"line":186,"column":5}},"80":{"start":{"line":182,"column":8},"end":{"line":182,"column":35}},"81":{"start":{"line":185,"column":8},"end":{"line":185,"column":70}},"82":{"start":{"line":190,"column":0},"end":{"line":200,"column":3}},"83":{"start":{"line":191,"column":20},"end":{"line":191,"column":69}},"84":{"start":{"line":192,"column":4},"end":{"line":194,"column":5}},"85":{"start":{"line":193,"column":8},"end":{"line":193,"column":72}},"86":{"start":{"line":195,"column":16},"end":{"line":198,"column":5}},"87":{"start":{"line":199,"column":4},"end":{"line":199,"column":49}},"88":{"start":{"line":203,"column":0},"end":{"line":241,"column":3}},"89":{"start":{"line":204,"column":23},"end":{"line":204,"column":31}},"90":{"start":{"line":206,"column":4},"end":{"line":208,"column":5}},"91":{"start":{"line":207,"column":8},"end":{"line":207,"column":69}},"92":{"start":{"line":210,"column":4},"end":{"line":212,"column":5}},"93":{"start":{"line":211,"column":8},"end":{"line":211,"column":105}},"94":{"start":{"line":214,"column":20},"end":{"line":214,"column":37}},"95":{"start":{"line":216,"column":24},"end":{"line":233,"column":5}},"96":{"start":{"line":235,"column":4},"end":{"line":240,"column":5}},"97":{"start":{"line":236,"column":8},"end":{"line":236,"column":42}},"98":{"start":{"line":237,"column":8},"end":{"line":237,"column":57}},"99":{"start":{"line":239,"column":8},"end":{"line":239,"column":81}},"100":{"start":{"line":244,"column":24},"end":{"line":244,"column":62}},"101":{"start":{"line":245,"column":17},"end":{"line":245,"column":36}},"102":{"start":{"line":248,"column":0},"end":{"line":294,"column":3}},"103":{"start":{"line":249,"column":73},"end":{"line":249,"column":81}},"104":{"start":{"line":251,"column":4},"end":{"line":253,"column":5}},"105":{"start":{"line":252,"column":8},"end":{"line":252,"column":71}},"106":{"start":{"line":254,"column":4},"end":{"line":256,"column":5}},"107":{"start":{"line":255,"column":8},"end":{"line":255,"column":79}},"108":{"start":{"line":259,"column":26},"end":{"line":259,"column":27}},"109":{"start":{"line":260,"column":20},"end":{"line":260,"column":53}},"110":{"start":{"line":263,"column":4},"end":{"line":272,"column":5}},"111":{"start":{"line":264,"column":24},"end":{"line":264,"column":60}},"112":{"start":{"line":265,"column":8},"end":{"line":267,"column":9}},"113":{"start":{"line":266,"column":12},"end":{"line":266,"column":82}},"114":{"start":{"line":268,"column":8},"end":{"line":270,"column":9}},"115":{"start":{"line":269,"column":12},"end":{"line":269,"column":89}},"116":{"start":{"line":271,"column":8},"end":{"line":271,"column":57}},"117":{"start":{"line":276,"column":4},"end":{"line":278,"column":5}},"118":{"start":{"line":277,"column":8},"end":{"line":277,"column":72}},"119":{"start":{"line":280,"column":4},"end":{"line":282,"column":5}},"120":{"start":{"line":281,"column":8},"end":{"line":281,"column":67}},"121":{"start":{"line":285,"column":26},"end":{"line":285,"column":76}},"122":{"start":{"line":287,"column":4},"end":{"line":293,"column":7}},"123":{"start":{"line":297,"column":0},"end":{"line":429,"column":3}},"124":{"start":{"line":299,"column":70},"end":{"line":299,"column":89}},"125":{"start":{"line":300,"column":26},"end":{"line":300,"column":34}},"126":{"start":{"line":302,"column":4},"end":{"line":304,"column":5}},"127":{"start":{"line":303,"column":8},"end":{"line":303,"column":86}},"128":{"start":{"line":306,"column":18},"end":{"line":306,"column":22}},"129":{"start":{"line":307,"column":4},"end":{"line":313,"column":5}},"130":{"start":{"line":308,"column":8},"end":{"line":308,"column":48}},"131":{"start":{"line":309,"column":8},"end":{"line":309,"column":35}},"132":{"start":{"line":311,"column":8},"end":{"line":311,"column":84}},"133":{"start":{"line":312,"column":8},"end":{"line":312,"column":23}},"134":{"start":{"line":315,"column":4},"end":{"line":428,"column":5}},"135":{"start":{"line":317,"column":33},"end":{"line":319,"column":27}},"136":{"start":{"line":321,"column":8},"end":{"line":331,"column":9}},"137":{"start":{"line":322,"column":12},"end":{"line":325,"column":13}},"138":{"start":{"line":323,"column":16},"end":{"line":323,"column":50}},"139":{"start":{"line":324,"column":16},"end":{"line":324,"column":37}},"140":{"start":{"line":326,"column":12},"end":{"line":330,"column":15}},"141":{"start":{"line":334,"column":32},"end":{"line":339,"column":27}},"142":{"start":{"line":341,"column":8},"end":{"line":351,"column":9}},"143":{"start":{"line":342,"column":12},"end":{"line":345,"column":13}},"144":{"start":{"line":343,"column":16},"end":{"line":343,"column":50}},"145":{"start":{"line":344,"column":16},"end":{"line":344,"column":37}},"146":{"start":{"line":346,"column":12},"end":{"line":350,"column":15}},"147":{"start":{"line":354,"column":25},"end":{"line":372,"column":10}},"148":{"start":{"line":375,"column":24},"end":{"line":375,"column":57}},"149":{"start":{"line":376,"column":8},"end":{"line":386,"column":9}},"150":{"start":{"line":377,"column":28},"end":{"line":377,"column":81}},"151":{"start":{"line":378,"column":12},"end":{"line":380,"column":13}},"152":{"start":{"line":379,"column":16},"end":{"line":379,"column":92}},"153":{"start":{"line":381,"column":12},"end":{"line":383,"column":13}},"154":{"start":{"line":382,"column":16},"end":{"line":382,"column":74}},"155":{"start":{"line":384,"column":12},"end":{"line":384,"column":43}},"156":{"start":{"line":385,"column":12},"end":{"line":385,"column":71}},"157":{"start":{"line":388,"column":27},"end":{"line":388,"column":59}},"158":{"start":{"line":390,"column":8},"end":{"line":393,"column":9}},"159":{"start":{"line":391,"column":12},"end":{"line":391,"column":46}},"160":{"start":{"line":392,"column":12},"end":{"line":392,"column":33}},"161":{"start":{"line":396,"column":26},"end":{"line":396,"column":55}},"162":{"start":{"line":397,"column":8},"end":{"line":418,"column":9}},"163":{"start":{"line":398,"column":12},"end":{"line":415,"column":15}},"164":{"start":{"line":417,"column":12},"end":{"line":417,"column":80}},"165":{"start":{"line":420,"column":8},"end":{"line":420,"column":118}},"166":{"start":{"line":423,"column":8},"end":{"line":426,"column":9}},"167":{"start":{"line":424,"column":12},"end":{"line":424,"column":45}},"168":{"start":{"line":425,"column":12},"end":{"line":425,"column":33}},"169":{"start":{"line":427,"column":8},"end":{"line":427,"column":91}},"170":{"start":{"line":432,"column":0},"end":{"line":586,"column":3}},"171":{"start":{"line":435,"column":23},"end":{"line":435,"column":42}},"172":{"start":{"line":436,"column":20},"end":{"line":436,"column":42}},"173":{"start":{"line":438,"column":18},"end":{"line":438,"column":31}},"174":{"start":{"line":439,"column":26},"end":{"line":439,"column":89}},"175":{"start":{"line":440,"column":28},"end":{"line":440,"column":73}},"176":{"start":{"line":441,"column":30},"end":{"line":441,"column":69}},"177":{"start":{"line":443,"column":4},"end":{"line":585,"column":5}},"178":{"start":{"line":444,"column":8},"end":{"line":579,"column":9}},"179":{"start":{"line":446,"column":27},"end":{"line":446,"column":104}},"180":{"start":{"line":448,"column":12},"end":{"line":450,"column":13}},"181":{"start":{"line":449,"column":16},"end":{"line":449,"column":77}},"182":{"start":{"line":453,"column":26},"end":{"line":453,"column":116}},"183":{"start":{"line":455,"column":12},"end":{"line":458,"column":13}},"184":{"start":{"line":456,"column":16},"end":{"line":456,"column":168}},"185":{"start":{"line":457,"column":16},"end":{"line":457,"column":80}},"186":{"start":{"line":460,"column":12},"end":{"line":536,"column":13}},"187":{"start":{"line":461,"column":32},"end":{"line":461,"column":61}},"188":{"start":{"line":462,"column":16},"end":{"line":462,"column":43}},"189":{"start":{"line":463,"column":16},"end":{"line":535,"column":17}},"190":{"start":{"line":464,"column":20},"end":{"line":464,"column":49}},"191":{"start":{"line":465,"column":20},"end":{"line":465,"column":78}},"192":{"start":{"line":466,"column":20},"end":{"line":466,"column":58}},"193":{"start":{"line":467,"column":20},"end":{"line":467,"column":46}},"194":{"start":{"line":468,"column":20},"end":{"line":468,"column":53}},"195":{"start":{"line":471,"column":36},"end":{"line":471,"column":69}},"196":{"start":{"line":472,"column":20},"end":{"line":478,"column":21}},"197":{"start":{"line":473,"column":40},"end":{"line":473,"column":93}},"198":{"start":{"line":474,"column":24},"end":{"line":477,"column":25}},"199":{"start":{"line":475,"column":28},"end":{"line":475,"column":59}},"200":{"start":{"line":476,"column":28},"end":{"line":476,"column":87}},"201":{"start":{"line":481,"column":20},"end":{"line":486,"column":21}},"202":{"start":{"line":482,"column":43},"end":{"line":482,"column":86}},"203":{"start":{"line":483,"column":24},"end":{"line":483,"column":54}},"204":{"start":{"line":485,"column":24},"end":{"line":485,"column":99}},"205":{"start":{"line":488,"column":20},"end":{"line":488,"column":77}},"206":{"start":{"line":489,"column":20},"end":{"line":489,"column":54}},"207":{"start":{"line":490,"column":20},"end":{"line":490,"column":41}},"208":{"start":{"line":493,"column":38},"end":{"line":493,"column":67}},"209":{"start":{"line":494,"column":20},"end":{"line":515,"column":21}},"210":{"start":{"line":495,"column":24},"end":{"line":512,"column":27}},"211":{"start":{"line":514,"column":24},"end":{"line":514,"column":94}},"212":{"start":{"line":518,"column":34},"end":{"line":518,"column":44}},"213":{"start":{"line":519,"column":20},"end":{"line":519,"column":47}},"214":{"start":{"line":520,"column":20},"end":{"line":530,"column":22}},"215":{"start":{"line":532,"column":20},"end":{"line":532,"column":53}},"216":{"start":{"line":533,"column":20},"end":{"line":533,"column":41}},"217":{"start":{"line":534,"column":20},"end":{"line":534,"column":34}},"218":{"start":{"line":537,"column":15},"end":{"line":579,"column":9}},"219":{"start":{"line":538,"column":26},"end":{"line":538,"column":100}},"220":{"start":{"line":539,"column":12},"end":{"line":551,"column":13}},"221":{"start":{"line":540,"column":16},"end":{"line":540,"column":47}},"222":{"start":{"line":541,"column":16},"end":{"line":541,"column":64}},"223":{"start":{"line":544,"column":30},"end":{"line":544,"column":40}},"224":{"start":{"line":545,"column":16},"end":{"line":545,"column":43}},"225":{"start":{"line":546,"column":16},"end":{"line":550,"column":18}},"226":{"start":{"line":552,"column":15},"end":{"line":579,"column":9}},"227":{"start":{"line":553,"column":26},"end":{"line":553,"column":104}},"228":{"start":{"line":554,"column":12},"end":{"line":566,"column":13}},"229":{"start":{"line":555,"column":16},"end":{"line":555,"column":49}},"230":{"start":{"line":556,"column":16},"end":{"line":556,"column":64}},"231":{"start":{"line":559,"column":30},"end":{"line":559,"column":40}},"232":{"start":{"line":560,"column":16},"end":{"line":560,"column":43}},"233":{"start":{"line":561,"column":16},"end":{"line":565,"column":18}},"234":{"start":{"line":567,"column":15},"end":{"line":579,"column":9}},"235":{"start":{"line":569,"column":37},"end":{"line":569,"column":70}},"236":{"start":{"line":570,"column":12},"end":{"line":578,"column":15}},"237":{"start":{"line":581,"column":8},"end":{"line":581,"column":48}},"238":{"start":{"line":583,"column":8},"end":{"line":583,"column":58}},"239":{"start":{"line":584,"column":8},"end":{"line":584,"column":75}},"240":{"start":{"line":589,"column":0},"end":{"line":631,"column":3}},"241":{"start":{"line":590,"column":23},"end":{"line":590,"column":31}},"242":{"start":{"line":592,"column":18},"end":{"line":592,"column":58}},"243":{"start":{"line":593,"column":4},"end":{"line":595,"column":5}},"244":{"start":{"line":594,"column":8},"end":{"line":594,"column":62}},"245":{"start":{"line":597,"column":4},"end":{"line":599,"column":5}},"246":{"start":{"line":598,"column":8},"end":{"line":598,"column":83}},"247":{"start":{"line":601,"column":4},"end":{"line":603,"column":5}},"248":{"start":{"line":602,"column":8},"end":{"line":602,"column":100}},"249":{"start":{"line":605,"column":4},"end":{"line":607,"column":5}},"250":{"start":{"line":606,"column":8},"end":{"line":606,"column":95}},"251":{"start":{"line":609,"column":4},"end":{"line":630,"column":5}},"252":{"start":{"line":610,"column":26},"end":{"line":610,"column":64}},"253":{"start":{"line":611,"column":23},"end":{"line":611,"column":77}},"254":{"start":{"line":613,"column":8},"end":{"line":613,"column":41}},"255":{"start":{"line":614,"column":8},"end":{"line":614,"column":58}},"256":{"start":{"line":617,"column":8},"end":{"line":619,"column":9}},"257":{"start":{"line":618,"column":12},"end":{"line":618,"column":44}},"258":{"start":{"line":621,"column":8},"end":{"line":621,"column":56}},"259":{"start":{"line":623,"column":8},"end":{"line":627,"column":11}},"260":{"start":{"line":629,"column":8},"end":{"line":629,"column":101}}},"fnMap":{"0":{"name":"(anonymous_0)","decl":{"start":{"line":14,"column":43},"end":{"line":14,"column":44}},"loc":{"start":{"line":14,"column":69},"end":{"line":60,"column":1}},"line":14},"1":{"name":"(anonymous_1)","decl":{"start":{"line":63,"column":42},"end":{"line":63,"column":43}},"loc":{"start":{"line":63,"column":68},"end":{"line":77,"column":1}},"line":63},"2":{"name":"(anonymous_2)","decl":{"start":{"line":80,"column":45},"end":{"line":80,"column":46}},"loc":{"start":{"line":80,"column":71},"end":{"line":82,"column":1}},"line":80},"3":{"name":"(anonymous_3)","decl":{"start":{"line":85,"column":48},"end":{"line":85,"column":49}},"loc":{"start":{"line":85,"column":74},"end":{"line":107,"column":1}},"line":85},"4":{"name":"(anonymous_4)","decl":{"start":{"line":110,"column":24},"end":{"line":110,"column":25}},"loc":{"start":{"line":110,"column":50},"end":{"line":178,"column":1}},"line":110},"5":{"name":"(anonymous_5)","decl":{"start":{"line":155,"column":48},"end":{"line":155,"column":49}},"loc":{"start":{"line":155,"column":62},"end":{"line":167,"column":9}},"line":155},"6":{"name":"(anonymous_6)","decl":{"start":{"line":156,"column":32},"end":{"line":156,"column":33}},"loc":{"start":{"line":156,"column":43},"end":{"line":156,"column":65}},"line":156},"7":{"name":"(anonymous_7)","decl":{"start":{"line":157,"column":31},"end":{"line":157,"column":32}},"loc":{"start":{"line":157,"column":43},"end":{"line":166,"column":13}},"line":157},"8":{"name":"(anonymous_8)","decl":{"start":{"line":169,"column":29},"end":{"line":169,"column":30}},"loc":{"start":{"line":169,"column":38},"end":{"line":171,"column":9}},"line":169},"9":{"name":"(anonymous_9)","decl":{"start":{"line":180,"column":19},"end":{"line":180,"column":20}},"loc":{"start":{"line":180,"column":35},"end":{"line":187,"column":1}},"line":180},"10":{"name":"(anonymous_10)","decl":{"start":{"line":190,"column":45},"end":{"line":190,"column":46}},"loc":{"start":{"line":190,"column":71},"end":{"line":200,"column":1}},"line":190},"11":{"name":"(anonymous_11)","decl":{"start":{"line":203,"column":46},"end":{"line":203,"column":47}},"loc":{"start":{"line":203,"column":72},"end":{"line":241,"column":1}},"line":203},"12":{"name":"(anonymous_12)","decl":{"start":{"line":248,"column":48},"end":{"line":248,"column":49}},"loc":{"start":{"line":248,"column":74},"end":{"line":294,"column":1}},"line":248},"13":{"name":"(anonymous_13)","decl":{"start":{"line":297,"column":50},"end":{"line":297,"column":51}},"loc":{"start":{"line":297,"column":76},"end":{"line":429,"column":1}},"line":297},"14":{"name":"(anonymous_14)","decl":{"start":{"line":432,"column":44},"end":{"line":432,"column":45}},"loc":{"start":{"line":432,"column":70},"end":{"line":586,"column":1}},"line":432},"15":{"name":"(anonymous_15)","decl":{"start":{"line":589,"column":50},"end":{"line":589,"column":51}},"loc":{"start":{"line":589,"column":76},"end":{"line":631,"column":1}},"line":589}},"branchMap":{"0":{"loc":{"start":{"line":17,"column":4},"end":{"line":19,"column":5}},"type":"if","locations":[{"start":{"line":17,"column":4},"end":{"line":19,"column":5}},{"start":{},"end":{}}],"line":17},"1":{"loc":{"start":{"line":21,"column":4},"end":{"line":23,"column":5}},"type":"if","locations":[{"start":{"line":21,"column":4},"end":{"line":23,"column":5}},{"start":{},"end":{}}],"line":21},"2":{"loc":{"start":{"line":21,"column":8},"end":{"line":21,"column":30}},"type":"binary-expr","locations":[{"start":{"line":21,"column":8},"end":{"line":21,"column":15}},{"start":{"line":21,"column":19},"end":{"line":21,"column":30}}],"line":21},"3":{"loc":{"start":{"line":26,"column":4},"end":{"line":31,"column":5}},"type":"if","locations":[{"start":{"line":26,"column":4},"end":{"line":31,"column":5}},{"start":{},"end":{}}],"line":26},"4":{"loc":{"start":{"line":28,"column":8},"end":{"line":30,"column":9}},"type":"if","locations":[{"start":{"line":28,"column":8},"end":{"line":30,"column":9}},{"start":{},"end":{}}],"line":28},"5":{"loc":{"start":{"line":34,"column":4},"end":{"line":48,"column":5}},"type":"if","locations":[{"start":{"line":34,"column":4},"end":{"line":48,"column":5}},{"start":{},"end":{}}],"line":34},"6":{"loc":{"start":{"line":34,"column":8},"end":{"line":34,"column":33}},"type":"binary-expr","locations":[{"start":{"line":34,"column":8},"end":{"line":34,"column":13}},{"start":{"line":34,"column":17},"end":{"line":34,"column":33}}],"line":34},"7":{"loc":{"start":{"line":38,"column":51},"end":{"line":38,"column":75}},"type":"binary-expr","locations":[{"start":{"line":38,"column":51},"end":{"line":38,"column":63}},{"start":{"line":38,"column":67},"end":{"line":38,"column":75}}],"line":38},"8":{"loc":{"start":{"line":39,"column":12},"end":{"line":41,"column":13}},"type":"if","locations":[{"start":{"line":39,"column":12},"end":{"line":41,"column":13}},{"start":{},"end":{}}],"line":39},"9":{"loc":{"start":{"line":40,"column":52},"end":{"line":40,"column":70}},"type":"binary-expr","locations":[{"start":{"line":40,"column":52},"end":{"line":40,"column":65}},{"start":{"line":40,"column":69},"end":{"line":40,"column":70}}],"line":40},"10":{"loc":{"start":{"line":45,"column":8},"end":{"line":47,"column":9}},"type":"if","locations":[{"start":{"line":45,"column":8},"end":{"line":47,"column":9}},{"start":{},"end":{}}],"line":45},"11":{"loc":{"start":{"line":45,"column":12},"end":{"line":45,"column":61}},"type":"binary-expr","locations":[{"start":{"line":45,"column":12},"end":{"line":45,"column":31}},{"start":{"line":45,"column":35},"end":{"line":45,"column":61}}],"line":45},"12":{"loc":{"start":{"line":66,"column":4},"end":{"line":68,"column":5}},"type":"if","locations":[{"start":{"line":66,"column":4},"end":{"line":68,"column":5}},{"start":{},"end":{}}],"line":66},"13":{"loc":{"start":{"line":66,"column":8},"end":{"line":66,"column":32}},"type":"binary-expr","locations":[{"start":{"line":66,"column":8},"end":{"line":66,"column":18}},{"start":{"line":66,"column":22},"end":{"line":66,"column":32}}],"line":66},"14":{"loc":{"start":{"line":72,"column":4},"end":{"line":74,"column":5}},"type":"if","locations":[{"start":{"line":72,"column":4},"end":{"line":74,"column":5}},{"start":{},"end":{}}],"line":72},"15":{"loc":{"start":{"line":96,"column":25},"end":{"line":96,"column":81}},"type":"binary-expr","locations":[{"start":{"line":96,"column":25},"end":{"line":96,"column":49}},{"start":{"line":96,"column":53},"end":{"line":96,"column":81}}],"line":96},"16":{"loc":{"start":{"line":125,"column":4},"end":{"line":127,"column":5}},"type":"if","locations":[{"start":{"line":125,"column":4},"end":{"line":127,"column":5}},{"start":{},"end":{}}],"line":125},"17":{"loc":{"start":{"line":142,"column":22},"end":{"line":144,"column":43}},"type":"cond-expr","locations":[{"start":{"line":143,"column":18},"end":{"line":143,"column":37}},{"start":{"line":144,"column":18},"end":{"line":144,"column":43}}],"line":142},"18":{"loc":{"start":{"line":161,"column":41},"end":{"line":161,"column":97}},"type":"binary-expr","locations":[{"start":{"line":161,"column":41},"end":{"line":161,"column":65}},{"start":{"line":161,"column":69},"end":{"line":161,"column":97}}],"line":161},"19":{"loc":{"start":{"line":192,"column":4},"end":{"line":194,"column":5}},"type":"if","locations":[{"start":{"line":192,"column":4},"end":{"line":194,"column":5}},{"start":{},"end":{}}],"line":192},"20":{"loc":{"start":{"line":206,"column":4},"end":{"line":208,"column":5}},"type":"if","locations":[{"start":{"line":206,"column":4},"end":{"line":208,"column":5}},{"start":{},"end":{}}],"line":206},"21":{"loc":{"start":{"line":206,"column":8},"end":{"line":206,"column":30}},"type":"binary-expr","locations":[{"start":{"line":206,"column":8},"end":{"line":206,"column":15}},{"start":{"line":206,"column":19},"end":{"line":206,"column":30}}],"line":206},"22":{"loc":{"start":{"line":210,"column":4},"end":{"line":212,"column":5}},"type":"if","locations":[{"start":{"line":210,"column":4},"end":{"line":212,"column":5}},{"start":{},"end":{}}],"line":210},"23":{"loc":{"start":{"line":249,"column":50},"end":{"line":249,"column":68}},"type":"default-arg","locations":[{"start":{"line":249,"column":67},"end":{"line":249,"column":68}}],"line":249},"24":{"loc":{"start":{"line":251,"column":4},"end":{"line":253,"column":5}},"type":"if","locations":[{"start":{"line":251,"column":4},"end":{"line":253,"column":5}},{"start":{},"end":{}}],"line":251},"25":{"loc":{"start":{"line":251,"column":8},"end":{"line":251,"column":46}},"type":"binary-expr","locations":[{"start":{"line":251,"column":8},"end":{"line":251,"column":19}},{"start":{"line":251,"column":23},"end":{"line":251,"column":46}}],"line":251},"26":{"loc":{"start":{"line":254,"column":4},"end":{"line":256,"column":5}},"type":"if","locations":[{"start":{"line":254,"column":4},"end":{"line":256,"column":5}},{"start":{},"end":{}}],"line":254},"27":{"loc":{"start":{"line":265,"column":8},"end":{"line":267,"column":9}},"type":"if","locations":[{"start":{"line":265,"column":8},"end":{"line":267,"column":9}},{"start":{},"end":{}}],"line":265},"28":{"loc":{"start":{"line":268,"column":8},"end":{"line":270,"column":9}},"type":"if","locations":[{"start":{"line":268,"column":8},"end":{"line":270,"column":9}},{"start":{},"end":{}}],"line":268},"29":{"loc":{"start":{"line":276,"column":4},"end":{"line":278,"column":5}},"type":"if","locations":[{"start":{"line":276,"column":4},"end":{"line":278,"column":5}},{"start":{},"end":{}}],"line":276},"30":{"loc":{"start":{"line":280,"column":4},"end":{"line":282,"column":5}},"type":"if","locations":[{"start":{"line":280,"column":4},"end":{"line":282,"column":5}},{"start":{},"end":{}}],"line":280},"31":{"loc":{"start":{"line":302,"column":4},"end":{"line":304,"column":5}},"type":"if","locations":[{"start":{"line":302,"column":4},"end":{"line":304,"column":5}},{"start":{},"end":{}}],"line":302},"32":{"loc":{"start":{"line":321,"column":8},"end":{"line":331,"column":9}},"type":"if","locations":[{"start":{"line":321,"column":8},"end":{"line":331,"column":9}},{"start":{},"end":{}}],"line":321},"33":{"loc":{"start":{"line":322,"column":12},"end":{"line":325,"column":13}},"type":"if","locations":[{"start":{"line":322,"column":12},"end":{"line":325,"column":13}},{"start":{},"end":{}}],"line":322},"34":{"loc":{"start":{"line":341,"column":8},"end":{"line":351,"column":9}},"type":"if","locations":[{"start":{"line":341,"column":8},"end":{"line":351,"column":9}},{"start":{},"end":{}}],"line":341},"35":{"loc":{"start":{"line":342,"column":12},"end":{"line":345,"column":13}},"type":"if","locations":[{"start":{"line":342,"column":12},"end":{"line":345,"column":13}},{"start":{},"end":{}}],"line":342},"36":{"loc":{"start":{"line":378,"column":12},"end":{"line":380,"column":13}},"type":"if","locations":[{"start":{"line":378,"column":12},"end":{"line":380,"column":13}},{"start":{},"end":{}}],"line":378},"37":{"loc":{"start":{"line":381,"column":12},"end":{"line":383,"column":13}},"type":"if","locations":[{"start":{"line":381,"column":12},"end":{"line":383,"column":13}},{"start":{},"end":{}}],"line":381},"38":{"loc":{"start":{"line":390,"column":8},"end":{"line":393,"column":9}},"type":"if","locations":[{"start":{"line":390,"column":8},"end":{"line":393,"column":9}},{"start":{},"end":{}}],"line":390},"39":{"loc":{"start":{"line":423,"column":8},"end":{"line":426,"column":9}},"type":"if","locations":[{"start":{"line":423,"column":8},"end":{"line":426,"column":9}},{"start":{},"end":{}}],"line":423},"40":{"loc":{"start":{"line":427,"column":37},"end":{"line":427,"column":83}},"type":"binary-expr","locations":[{"start":{"line":427,"column":37},"end":{"line":427,"column":50}},{"start":{"line":427,"column":54},"end":{"line":427,"column":83}}],"line":427},"41":{"loc":{"start":{"line":439,"column":26},"end":{"line":439,"column":89}},"type":"cond-expr","locations":[{"start":{"line":439,"column":52},"end":{"line":439,"column":82}},{"start":{"line":439,"column":85},"end":{"line":439,"column":89}}],"line":439},"42":{"loc":{"start":{"line":440,"column":28},"end":{"line":440,"column":73}},"type":"cond-expr","locations":[{"start":{"line":440,"column":44},"end":{"line":440,"column":66}},{"start":{"line":440,"column":69},"end":{"line":440,"column":73}}],"line":440},"43":{"loc":{"start":{"line":441,"column":30},"end":{"line":441,"column":69}},"type":"cond-expr","locations":[{"start":{"line":441,"column":46},"end":{"line":441,"column":62}},{"start":{"line":441,"column":65},"end":{"line":441,"column":69}}],"line":441},"44":{"loc":{"start":{"line":444,"column":8},"end":{"line":579,"column":9}},"type":"if","locations":[{"start":{"line":444,"column":8},"end":{"line":579,"column":9}},{"start":{"line":537,"column":15},"end":{"line":579,"column":9}}],"line":444},"45":{"loc":{"start":{"line":444,"column":12},"end":{"line":444,"column":59}},"type":"binary-expr","locations":[{"start":{"line":444,"column":12},"end":{"line":444,"column":40}},{"start":{"line":444,"column":44},"end":{"line":444,"column":59}}],"line":444},"46":{"loc":{"start":{"line":
[...]
":{"line":7,"column":8},"end":{"line":9,"column":9}},"type":"if","locations":[{"start":{"line":7,"column":8},"end":{"line":9,"column":9}},{"start":{},"end":{}}],"line":7},"2":{"loc":{"start":{"line":7,"column":12},"end":{"line":7,"column":76}},"type":"binary-expr","locations":[{"start":{"line":7,"column":12},"end":{"line":7,"column":40}},{"start":{"line":7,"column":44},"end":{"line":7,"column":76}}],"line":7},"3":{"loc":{"start":{"line":11,"column":20},"end":{"line":11,"column":62}},"type":"binary-expr","locations":[{"start":{"line":11,"column":20},"end":{"line":11,"column":47}},{"start":{"line":11,"column":51},"end":{"line":11,"column":62}}],"line":11},"4":{"loc":{"start":{"line":12,"column":24},"end":{"line":12,"column":73}},"type":"binary-expr","locations":[{"start":{"line":12,"column":24},"end":{"line":12,"column":55}},{"start":{"line":12,"column":59},"end":{"line":12,"column":73}}],"line":12},"5":{"loc":{"start":{"line":18,"column":37},"end":{"line":18,"column":53}},"type":"default-arg","locations":[{"start":{"line":18,"column":48},"end":{"line":18,"column":53}}],"line":18},"6":{"loc":{"start":{"line":18,"column":55},"end":{"line":18,"column":74}},"type":"default-arg","locations":[{"start":{"line":18,"column":65},"end":{"line":18,"column":74}}],"line":18},"7":{"loc":{"start":{"line":30,"column":24},"end":{"line":30,"column":73}},"type":"binary-expr","locations":[{"start":{"line":30,"column":24},"end":{"line":30,"column":37}},{"start":{"line":30,"column":41},"end":{"line":30,"column":73}}],"line":30},"8":{"loc":{"start":{"line":39,"column":24},"end":{"line":39,"column":82}},"type":"binary-expr","locations":[{"start":{"line":39,"column":24},"end":{"line":39,"column":37}},{"start":{"line":39,"column":41},"end":{"line":39,"column":82}}],"line":39},"9":{"loc":{"start":{"line":43,"column":50},"end":{"line":43,"column":66}},"type":"default-arg","locations":[{"start":{"line":43,"column":58},"end":{"line":43,"column":66}}],"line":43},"10":{"loc":{"start":{"line":50,"column":8},"end":{"line":52,"column":9}},"type":"if","locations":[{"start":{"line":50,"column":8},"end":{"line":52,"column":9}},{"start":{},"end":{}}],"line":50},"11":{"loc":{"start":{"line":55,"column":24},"end":{"line":55,"column":65}},"type":"binary-expr","locations":[{"start":{"line":55,"column":24},"end":{"line":55,"column":37}},{"start":{"line":55,"column":41},"end":{"line":55,"column":65}}],"line":55}},"s":{"0":1,"1":1,"2":1,"3":0,"4":0,"5":0,"6":0,"7":0,"8":1,"9":0,"10":0,"11":0,"12":0,"13":0,"14":0,"15":1,"16":0,"17":0,"18":0,"19":0,"20":1,"21":0,"22":0,"23":0,"24":0,"25":0,"26":0,"27":0},"f":{"0":0,"1":0,"2":0,"3":0},"b":{"0":[0,0],"1":[0,0],"2":[0,0],"3":[0,0],"4":[0,0],"5":[0],"6":[0],"7":[0,0],"8":[0,0],"9":[0],"10":[0,0],"11":[0,0]},"_coverageSchema":"1a1c01bbd47fc00a2c39e90264f33305004495a9","hash":"513f9a16b720e0aeee6945d0b10c633a14570326"}
,"C:\\Users\\niiki\\OneDrive\\Desktop\\version2.0\\backend\\utils\\errorHandler.js": {"path":"C:\\Users\\niiki\\OneDrive\\Desktop\\version2.0\\backend\\utils\\errorHandler.js","statementMap":{"0":{"start":{"line":3,"column":8},"end":{"line":3,"column":23}},"1":{"start":{"line":4,"column":8},"end":{"line":4,"column":36}},"2":{"start":{"line":6,"column":8},"end":{"line":6,"column":56}},"3":{"start":{"line":10,"column":0},"end":{"line":10,"column":30}}},"fnMap":{"0":{"name":"(anonymous_0)","decl":{"start":{"line":2,"column":4},"end":{"line":2,"column":5}},"loc":{"start":{"line":2,"column":37},"end":{"line":7,"column":5}},"line":2}},"branchMap":{},"s":{"0":5,"1":5,"2":5,"3":1},"f":{"0":5},"b":{},"_coverageSchema":"1a1c01bbd47fc00a2c39e90264f33305004495a9","hash":"1c6546bceda377ee3ac08630777b75919f8c3355"}
,"C:\\Users\\niiki\\OneDrive\\Desktop\\version2.0\\backend\\utils\\logger.js": {"path":"C:\\Users\\niiki\\OneDrive\\Desktop\\version2.0\\backend\\utils\\logger.js","statementMap":{"0":{"start":{"line":1,"column":16},"end":{"line":1,"column":34}},"1":{"start":{"line":4,"column":18},"end":{"line":6,"column":2}},"2":{"start":{"line":5,"column":4},"end":{"line":5,"column":56}},"3":{"start":{"line":8,"column":15},"end":{"line":25,"column":2}},"4":{"start":{"line":28,"column":0},"end":{"line":35,"column":1}},"5":{"start":{"line":29,"column":4},"end":{"line":34,"column":8}},"6":{"start":{"line":37,"column":0},"end":{"line":37,"column":24}}},"fnMap":{"0":{"name":"(anonymous_0)","decl":{"start":{"line":4,"column":40},"end":{"line":4,"column":41}},"loc":{"start":{"line":4,"column":82},"end":{"line":6,"column":1}},"line":4}},"branchMap":{"0":{"loc":{"start":{"line":5,"column":37},"end":{"line":5,"column":53}},"type":"binary-expr","locations":[{"start":{"line":5,"column":37},"end":{"line":5,"column":42}},{"start":{"line":5,"column":46},"end":{"line":5,"column":53}}],"line":5},"1":{"loc":{"start":{"line":28,"column":0},"end":{"line":35,"column":1}},"type":"if","locations":[{"start":{"line":28,"column":0},"end":{"line":35,"column":1}},{"start":{},"end":{}}],"line":28}},"s":{"0":1,"1":1,"2":7,"3":1,"4":1,"5":1,"6":1},"f":{"0":7},"b":{"0":[7,7],"1":[1,0]},"_coverageSchema":"1a1c01bbd47fc00a2c39e90264f33305004495a9","hash":"ff9d781eb24ff92a697439f51a104ccac182a510"}
,"C:\\Users\\niiki\\OneDrive\\Desktop\\version2.0\\backend\\utils\\searchFeatures.js": {"path":"C:\\Users\\niiki\\OneDrive\\Desktop\\version2.0\\backend\\utils\\searchFeatures.js","statementMap":{"0":{"start":{"line":3,"column":8},"end":{"line":3,"column":26}},"1":{"start":{"line":4,"column":8},"end":{"line":4,"column":38}},"2":{"start":{"line":8,"column":24},"end":{"line":13,"column":14}},"3":{"start":{"line":17,"column":8},"end":{"line":17,"column":53}},"4":{"start":{"line":18,"column":8},"end":{"line":18,"column":20}},"5":{"start":{"line":22,"column":26},"end":{"line":22,"column":49}},"6":{"start":{"line":25,"column":29},"end":{"line":25,"column":57}},"7":{"start":{"line":26,"column":8},"end":{"line":26,"column":59}},"8":{"start":{"line":26,"column":36},"end":{"line":26,"column":57}},"9":{"start":{"line":29,"column":8},"end":{"line":31,"column":9}},"10":{"start":{"line":30,"column":12},"end":{"line":30,"column":38}},"11":{"start":{"line":33,"column":8},"end":{"line":35,"column":9}},"12":{"start":{"line":34,"column":12},"end":{"line":34,"column":35}},"13":{"start":{"line":38,"column":28},"end":{"line":38,"column":43}},"14":{"start":{"line":39,"column":8},"end":{"line":39,"column":31}},"15":{"start":{"line":42,"column":26},"end":{"line":42,"column":51}},"16":{"start":{"line":43,"column":8},"end":{"line":43,"column":84}},"17":{"start":{"line":43,"column":73},"end":{"line":43,"column":82}},"18":{"start":{"line":46,"column":8},"end":{"line":46,"column":62}},"19":{"start":{"line":49,"column":8},"end":{"line":49,"column":50}},"20":{"start":{"line":52,"column":8},"end":{"line":62,"column":9}},"21":{"start":{"line":54,"column":12},"end":{"line":61,"column":15}},"22":{"start":{"line":64,"column":8},"end":{"line":64,"column":20}},"23":{"start":{"line":68,"column":28},"end":{"line":68,"column":62}},"24":{"start":{"line":70,"column":29},"end":{"line":70,"column":62}},"25":{"start":{"line":72,"column":8},"end":{"line":72,"column":72}},"26":{"start":{"line":73,"column":8},"end":{"line":73,"column":20}},"27":{"start":{"line":77,"column":0},"end":{"line":77,"column":32}}},"fnMap":{"0":{"name":"(anonymous_0)","decl":{"start":{"line":2,"column":4},"end":{"line":2,"column":5}},"loc":{"start":{"line":2,"column":36},"end":{"line":5,"column":5}},"line":2},"1":{"name":"(anonymous_1)","decl":{"start":{"line":7,"column":4},"end":{"line":7,"column":5}},"loc":{"start":{"line":7,"column":13},"end":{"line":19,"column":5}},"line":7},"2":{"name":"(anonymous_2)","decl":{"start":{"line":21,"column":4},"end":{"line":21,"column":5}},"loc":{"start":{"line":21,"column":13},"end":{"line":65,"column":5}},"line":21},"3":{"name":"(anonymous_3)","decl":{"start":{"line":26,"column":29},"end":{"line":26,"column":30}},"loc":{"start":{"line":26,"column":36},"end":{"line":26,"column":57}},"line":26},"4":{"name":"(anonymous_4)","decl":{"start":{"line":43,"column":66},"end":{"line":43,"column":67}},"loc":{"start":{"line":43,"column":73},"end":{"line":43,"column":82}},"line":43},"5":{"name":"(anonymous_5)","decl":{"start":{"line":67,"column":4},"end":{"line":67,"column":5}},"loc":{"start":{"line":67,"column":30},"end":{"line":74,"column":5}},"line":67}},"branchMap":{"0":{"loc":{"start":{"line":8,"column":24},"end":{"line":13,"column":14}},"type":"cond-expr","locations":[{"start":{"line":8,"column":51},"end":{"line":13,"column":9}},{"start":{"line":13,"column":12},"end":{"line":13,"column":14}}],"line":8},"1":{"loc":{"start":{"line":29,"column":8},"end":{"line":31,"column":9}},"type":"if","locations":[{"start":{"line":29,"column":8},"end":{"line":31,"column":9}},{"start":{},"end":{}}],"line":29},"2":{"loc":{"start":{"line":33,"column":8},"end":{"line":35,"column":9}},"type":"if","locations":[{"start":{"line":33,"column":8},"end":{"line":35,"column":9}},{"start":{},"end":{}}],"line":33},"3":{"loc":{"start":{"line":52,"column":8},"end":{"line":62,"column":9}},"type":"if","locations":[{"start":{"line":52,"column":8},"end":{"line":62,"column":9}},{"start":{},"end":{}}],"line":52},"4":{"loc":{"start":{"line":68,"column":28},"end":{"line":68,"column":62}},"type":"binary-expr","locations":[{"start":{"line":68,"column":28},"end":{"line":68,"column":57}},{"start":{"line":68,"column":61},"end":{"line":68,"column":62}}],"line":68}},"s":{"0":0,"1":0,"2":0,"3":0,"4":0,"5":0,"6":0,"7":0,"8":0,"9":0,"10":0,"11":0,"12":0,"13":0,"14":0,"15":0,"16":0,"17":0,"18":0,"19":0,"20":0,"21":0,"22":0,"23":0,"24":0,"25":0,"26":0,"27":1},"f":{"0":0,"1":0,"2":0,"3":0,"4":0,"5":0},"b":{"0":[0,0],"1":[0,0],"2":[0,0],"3":[0,0],"4":[0,0]},"_coverageSchema":"1a1c01bbd47fc00a2c39e90264f33305004495a9","hash":"d40570120874bb7a6762f52bb61e90ce94707b19"}
,"C:\\Users\\niiki\\OneDrive\\Desktop\\version2.0\\backend\\utils\\sendEmail.js": {"path":"C:\\Users\\niiki\\OneDrive\\Desktop\\version2.0\\backend\\utils\\sendEmail.js","statementMap":{"0":{"start":{"line":1,"column":19},"end":{"line":1,"column":40}},"1":{"start":{"line":3,"column":18},"end":{"line":148,"column":1}},"2":{"start":{"line":4,"column":24},"end":{"line":13,"column":6}},"3":{"start":{"line":16,"column":29},"end":{"line":28,"column":5}},"4":{"start":{"line":17,"column":25},"end":{"line":17,"column":91}},"5":{"start":{"line":17,"column":53},"end":{"line":17,"column":87}},"6":{"start":{"line":20,"column":26},"end":{"line":20,"column":83}},"7":{"start":{"line":21,"column":22},"end":{"line":21,"column":61}},"8":{"start":{"line":23,"column":27},"end":{"line":23,"column":60}},"9":{"start":{"line":24,"column":25},"end":{"line":24,"column":26}},"10":{"start":{"line":25,"column":25},"end":{"line":25,"column":44}},"11":{"start":{"line":26,"column":20},"end":{"line":26,"column":76}},"12":{"start":{"line":27,"column":8},"end":{"line":27,"column":65}},"13":{"start":{"line":31,"column":27},"end":{"line":39,"column":24}},"14":{"start":{"line":32,"column":44},"end":{"line":39,"column":9}},"15":{"start":{"line":41,"column":62},"end":{"line":43,"column":72}},"16":{"start":{"line":45,"column":26},"end":{"line":123,"column":10}},"17":{"start":{"line":126,"column":26},"end":{"line":132,"column":10}},"18":{"start":{"line":134,"column":24},"end":{"line":139,"column":5}},"19":{"start":{"line":141,"column":4},"end":{"line":147,"column":5}},"20":{"start":{"line":142,"column":8},"end":{"line":142,"column":48}},"21":{"start":{"line":143,"column":8},"end":{"line":143,"column":47}},"22":{"start":{"line":145,"column":8},"end":{"line":145,"column":53}},"23":{"start":{"line":146,"column":8},"end":{"line":146,"column":47}},"24":{"start":{"line":150,"column":0},"end":{"line":150,"column":27}}},"fnMap":{"0":{"name":"(anonymous_0)","decl":{"start":{"line":3,"column":18},"end":{"line":3,"column":19}},"loc":{"start":{"line":3,"column":37},"end":{"line":148,"column":1}},"line":3},"1":{"name":"(anonymous_1)","decl":{"start":{"line":16,"column":29},"end":{"line":16,"column":30}},"loc":{"start":{"line":16,"column":81},"end":{"line":28,"column":5}},"line":16},"2":{"name":"(anonymous_2)","decl":{"start":{"line":17,"column":38},"end":{"line":17,"column":39}},"loc":{"start":{"line":17,"column":53},"end":{"line":17,"column":87}},"line":17},"3":{"name":"(anonymous_3)","decl":{"start":{"line":32,"column":36},"end":{"line":32,"column":37}},"loc":{"start":{"line":32,"column":44},"end":{"line":39,"column":9}},"line":32}},"branchMap":{"0":{"loc":{"start":{"line":20,"column":26},"end":{"line":20,"column":83}},"type":"binary-expr","locations":[{"start":{"line":20,"column":26},"end":{"line":20,"column":58}},{"start":{"line":20,"column":62},"end":{"line":20,"column":77}},{"start":{"line":20,"column":81},"end":{"line":20,"column":83}}],"line":20},"1":{"loc":{"start":{"line":23,"column":27},"end":{"line":23,"column":60}},"type":"cond-expr","locations":[{"start":{"line":23,"column":54},"end":{"line":23,"column":56}},{"start":{"line":23,"column":59},"end":{"line":23,"column":60}}],"line":23},"2":{"loc":{"start":{"line":23,"column":27},"end":{"line":23,"column":51}},"type":"binary-expr","locations":[{"start":{"line":23,"column":27},"end":{"line":23,"column":32}},{"start":{"line":23,"column":36},"end":{"line":23,"column":51}}],"line":23},"3":{"loc":{"start":{"line":25,"column":25},"end":{"line":25,"column":44}},"type":"binary-expr","locations":[{"start":{"line":25,"column":25},"end":{"line":25,"column":39}},{"start":{"line":25,"column":43},"end":{"line":25,"column":44}}],"line":25},"4":{"loc":{"start":{"line":31,"column":27},"end":{"line":39,"column":24}},"type":"cond-expr","locations":[{"start":{"line":32,"column":8},"end":{"line":39,"column":19}},{"start":{"line":39,"column":22},"end":{"line":39,"column":24}}],"line":31},"5":{"loc":{"start":{"line":41,"column":62},"end":{"line":43,"column":72}},"type":"cond-expr","locations":[{"start":{"line":42,"column":8},"end":{"line":42,"column":129}},{"start":{"line":43,"column":8},"end":{"line":43,"column":72}}],"line":41},"6":{"loc":{"start":{"line":45,"column":26},"end":{"line":123,"column":10}},"type":"cond-expr","locations":[{"start":{"line":45,"column":53},"end":{"line":123,"column":5}},{"start":{"line":123,"column":8},"end":{"line":123,"column":10}}],"line":45},"7":{"loc":{"start":{"line":47,"column":42},"end":{"line":47,"column":117}},"type":"cond-expr","locations":[{"start":{"line":47,"column":64},"end":{"line":47,"column":94}},{"start":{"line":47,"column":97},"end":{"line":47,"column":117}}],"line":47},"8":{"loc":{"start":{"line":49,"column":14},"end":{"line":49,"column":106}},"type":"cond-expr","locations":[{"start":{"line":49,"column":37},"end":{"line":49,"column":69}},{"start":{"line":49,"column":72},"end":{"line":49,"column":106}}],"line":49},"9":{"loc":{"start":{"line":55,"column":54},"end":{"line":55,"column":193}},"type":"cond-expr","locations":[{"start":{"line":55,"column":156},"end":{"line":55,"column":174}},{"start":{"line":55,"column":177},"end":{"line":55,"column":193}}],"line":55},"10":{"loc":{"start":{"line":55,"column":54},"end":{"line":55,"column":153}},"type":"binary-expr","locations":[{"start":{"line":55,"column":54},"end":{"line":55,"column":90}},{"start":{"line":55,"column":94},"end":{"line":55,"column":153}}],"line":55},"11":{"loc":{"start":{"line":56,"column":50},"end":{"line":56,"column":248}},"type":"cond-expr","locations":[{"start":{"line":56,"column":152},"end":{"line":56,"column":168}},{"start":{"line":56,"column":171},"end":{"line":56,"column":248}}],"line":56},"12":{"loc":{"start":{"line":56,"column":50},"end":{"line":56,"column":149}},"type":"binary-expr","locations":[{"start":{"line":56,"column":50},"end":{"line":56,"column":86}},{"start":{"line":56,"column":90},"end":{"line":56,"column":149}}],"line":56},"13":{"loc":{"start":{"line":56,"column":171},"end":{"line":56,"column":248}},"type":"binary-expr","locations":[{"start":{"line":56,"column":171},"end":{"line":56,"column":216}},{"start":{"line":56,"column":220},"end":{"line":56,"column":248}}],"line":56},"14":{"loc":{"start":{"line":57,"column":18},"end":{"line":57,"column":117}},"type":"cond-expr","locations":[{"start":{"line":57,"column":44},"end":{"line":57,"column":112}},{"start":{"line":57,"column":115},"end":{"line":57,"column":117}}],"line":57},"15":{"loc":{"start":{"line":82,"column":22},"end":{"line":87,"column":26}},"type":"cond-expr","locations":[{"start":{"line":82,"column":39},"end":{"line":87,"column":21}},{"start":{"line":87,"column":24},"end":{"line":87,"column":26}}],"line":82},"16":{"loc":{"start":{"line":88,"column":22},"end":{"line":93,"column":26}},"type":"cond-expr","locations":[{"start":{"line":88,"column":37},"end":{"line":93,"column":21}},{"start":{"line":93,"column":24},"end":{"line":93,"column":26}}],"line":88},"17":{"loc":{"start":{"line":103,"column":18},"end":{"line":105,"column":22}},"type":"cond-expr","locations":[{"start":{"line":103,"column":35},"end":{"line":105,"column":17}},{"start":{"line":105,"column":20},"end":{"line":105,"column":22}}],"line":103},"18":{"loc":{"start":{"line":106,"column":18},"end":{"line":108,"column":22}},"type":"cond-expr","locations":[{"start":{"line":106,"column":33},"end":{"line":108,"column":17}},{"start":{"line":108,"column":20},"end":{"line":108,"column":22}}],"line":106},"19":{"loc":{"start":{"line":126,"column":26},"end":{"line":132,"column":10}},"type":"cond-expr","locations":[{"start":{"line":126,"column":52},"end":{"line":132,"column":5}},{"start":{"line":132,"column":8},"end":{"line":132,"column":10}}],"line":126},"20":{"loc":{"start":{"line":137,"column":17},"end":{"line":137,"column":138}},"type":"binary-expr","locations":[{"start":{"line":137,"column":17},"end":{"line":137,"column":32}},{"start":{"line":137,"column":37},"end":{"line":137,"column":137}}],"line":137},"21":{"loc":{"start":{"line":137,"column":37},"end":{"line":137,"column":137}},"type":"cond-expr","locations":[{"start":{"line":137,"column":64},"end":{"line":137,"column":101}},{"start":{"line":137,"column":104},"end":{"line":137,"column":137}}],"line":137},"22":{"loc":{"start":{"line":138,"column":14},"end":{"line":138,"column":70}},"type":"cond-expr","locations":[{"start":{"line":138,"column":41},"end":{"line":138,"column":54}},{"start":{"line":138,"column":57},"end":{"line":138,"column":70}}],"line":138}},"s":{"0":1,"1":1,"2":0,"3":0,"4":0,"5":0,"6":0,"7":0,"8":0,"9":0,"10":0,"11":0,"12":0,"13":0,"14":0,"15":0,"16":0,"17":0,"18":0,"19":0,"20":0,"21":0,"22":0,"23":0,"24":1},"f":{"0":0,"1":0,"2":0,"3":0},"b":{"0":[0,0,0],"1":[0,0],"2":[0,0],"3":[0,0],"4":[0,0],"5":[0,0],"6":[0,0],"7":[0,0],"8":[0,0],"9":[0,0],"10":[0,0],"11":[0,0],"12":[0,0],"13":[0,0],"14":[0,0],"15":[0,0],"16":[0,0],"17":[0,0],"18":[0,0],"19":[0,0],"20":[0,0],"21":[0,0],"22":[0,0]},"_coverageSchema":"1a1c01bbd47fc00a2c39e90264f33305004495a9","hash":"67d8a8447aa356167e9dbaa06e425763e6a5bb0a"}
,"C:\\Users\\niiki\\OneDrive\\Desktop\\version2.0\\backend\\utils\\sendToken.js": {"path":"C:\\Users\\niiki\\OneDrive\\Desktop\\version2.0\\backend\\utils\\sendToken.js","statementMap":{"0":{"start":{"line":1,"column":18},"end":{"line":19,"column":1}},"1":{"start":{"line":2,"column":18},"end":{"line":2,"column":36}},"2":{"start":{"line":4,"column":20},"end":{"line":12,"column":5}},"3":{"start":{"line":14,"column":4},"end":{"line":18,"column":7}},"4":{"start":{"line":21,"column":0},"end":{"line":21,"column":27}}},"fnMap":{"0":{"name":"(anonymous_0)","decl":{"start":{"line":1,"column":18},"end":{"line":1,"column":19}},"loc":{"start":{"line":1,"column":45},"end":{"line":19,"column":1}},"line":1}},"branchMap":{"0":{"loc":{"start":{"line":11,"column":18},"end":{"line":11,"column":74}},"type":"cond-expr","locations":[{"start":{"line":11,"column":58},"end":{"line":11,"column":66}},{"start":{"line":11,"column":69},"end":{"line":11,"column":74}}],"line":11}},"s":{"0":1,"1":2,"2":2,"3":2,"4":1},"f":{"0":2},"b":{"0":[0,2]},"_coverageSchema":"1a1c01bbd47fc00a2c39e90264f33305004495a9","hash":"4549822735099f211dcbd77d426ec2a62b907e82"}
}
