TN:
SF:backend\app.js
FN:18,(anonymous_0)
FN:48,(anonymous_1)
FNF:2
FNH:2
FNDA:7,(anonymous_0)
FNDA:7,(anonymous_1)
DA:1,1
DA:2,1
DA:3,1
DA:4,1
DA:5,1
DA:6,1
DA:7,1
DA:8,1
DA:9,1
DA:10,1
DA:11,1
DA:12,1
DA:13,1
DA:15,1
DA:18,7
DA:21,1
DA:24,1
DA:25,1
DA:30,1
DA:33,1
DA:38,1
DA:41,1
DA:49,7
DA:55,1
DA:58,1
DA:65,1
DA:66,1
DA:67,1
DA:70,1
DA:71,1
DA:72,1
DA:73,1
DA:76,1
DA:79,1
DA:82,1
DA:85,1
DA:86,1
DA:87,1
DA:88,1
DA:89,1
DA:90,1
DA:91,1
DA:92,1
DA:94,1
DA:95,1
DA:96,1
DA:97,1
DA:98,1
DA:99,1
DA:100,1
DA:101,1
DA:104,1
DA:106,1
LF:53
LH:53
BRDA:24,0,0,1
BRDA:24,0,1,0
BRDA:34,1,0,1
BRDA:34,1,1,0
BRDA:50,2,0,7
BRDA:50,2,1,0
BRDA:50,2,2,7
BRDA:50,2,3,0
BRF:8
BRH:4
end_of_record
TN:
SF:backend\controllers\adminController.js
FN:7,(anonymous_0)
FN:92,(anonymous_1)
FN:93,(anonymous_2)
FN:103,(anonymous_3)
FNF:4
FNH:0
FNDA:0,(anonymous_0)
FNDA:0,(anonymous_1)
FNDA:0,(anonymous_2)
FNDA:0,(anonymous_3)
DA:1,1
DA:2,1
DA:3,1
DA:4,1
DA:7,1
DA:8,0
DA:9,0
DA:10,0
DA:11,0
DA:25,0
DA:92,0
DA:93,0
DA:94,0
DA:102,0
DA:103,0
DA:104,0
DA:105,0
DA:109,0
DA:110,0
DA:111,0
DA:113,0
DA:117,0
LF:22
LH:5
BRDA:96,0,0,0
BRDA:96,0,1,0
BRDA:97,1,0,0
BRDA:97,1,1,0
BRDA:104,2,0,0
BRDA:104,2,1,0
BRDA:109,3,0,0
BRDA:109,3,1,0
BRDA:110,4,0,0
BRDA:110,4,1,0
BRDA:111,5,0,0
BRDA:111,5,1,0
BRDA:113,6,0,0
BRDA:113,6,1,0
BRDA:126,7,0,0
BRDA:126,7,1,0
BRDA:127,8,0,0
BRDA:127,8,1,0
BRF:18
BRH:0
end_of_record
TN:
SF:backend\controllers\brandController.js
FN:7,(anonymous_0)
FN:40,(anonymous_1)
FN:50,(anonymous_2)
FN:60,(anonymous_3)
FN:107,(anonymous_4)
FNF:5
FNH:0
FNDA:0,(anonymous_0)
FNDA:0,(anonymous_1)
FNDA:0,(anonymous_2)
FNDA:0,(anonymous_3)
FNDA:0,(anonymous_4)
DA:1,1
DA:2,1
DA:3,1
DA:4,1
DA:7,1
DA:8,0
DA:9,0
DA:12,0
DA:14,0
DA:15,0
DA:20,0
DA:26,0
DA:33,0
DA:40,1
DA:41,0
DA:43,0
DA:50,1
DA:51,0
DA:53,0
DA:60,1
DA:61,0
DA:68,0
DA:69,0
DA:71,0
DA:72,0
DA:75,0
DA:76,0
DA:77,0
DA:80,0
DA:85,0
DA:91,0
DA:96,0
DA:97,0
DA:100,0
DA:107,1
DA:108,0
DA:110,0
DA:111,0
DA:114,0
DA:115,0
DA:116,0
DA:119,0
DA:121,0
LF:43
LH:9
BRDA:8,0,0,0
BRDA:8,0,1,0
BRDA:14,1,0,0
BRDA:14,1,1,0
BRDA:68,2,0,0
BRDA:68,2,1,0
BRDA:68,3,0,0
BRDA:68,3,1,0
BRDA:71,4,0,0
BRDA:71,4,1,0
BRDA:75,5,0,0
BRDA:75,5,1,0
BRDA:75,6,0,0
BRDA:75,6,1,0
BRDA:96,7,0,0
BRDA:96,7,1,0
BRDA:110,8,0,0
BRDA:110,8,1,0
BRDA:114,9,0,0
BRDA:114,9,1,0
BRDA:114,10,0,0
BRDA:114,10,1,0
BRF:22
BRH:0
end_of_record
TN:
SF:backend\controllers\categoryController.js
FN:8,(anonymous_0)
FN:25,(anonymous_1)
FN:31,(anonymous_2)
FN:37,(anonymous_3)
FN:44,(anonymous_4)
FN:53,(anonymous_5)
FN:78,(anonymous_6)
FNF:7
FNH:0
FNDA:0,(anonymous_0)
FNDA:0,(anonymous_1)
FNDA:0,(anonymous_2)
FNDA:0,(anonymous_3)
FNDA:0,(anonymous_4)
FNDA:0,(anonymous_5)
FNDA:0,(anonymous_6)
DA:1,1
DA:2,1
DA:3,1
DA:4,1
DA:5,1
DA:8,1
DA:9,0
DA:11,0
DA:12,0
DA:15,0
DA:18,0
DA:19,0
DA:21,0
DA:25,1
DA:26,0
DA:27,0
DA:31,1
DA:32,0
DA:33,0
DA:37,1
DA:38,0
DA:39,0
DA:40,0
DA:44,1
DA:45,0
DA:46,0
DA:47,0
DA:49,0
DA:53,1
DA:54,0
DA:55,0
DA:56,0
DA:59,0
DA:60,0
DA:61,0
DA:63,0
DA:66,0
DA:69,0
DA:74,0
DA:78,1
DA:79,0
DA:80,0
DA:81,0
DA:84,0
DA:85,0
DA:86,0
DA:94,0
DA:95,0
DA:96,0
DA:104,0
DA:105,0
DA:109,0
DA:111,0
LF:53
LH:12
BRDA:11,0,0,0
BRDA:11,0,1,0
BRDA:46,1,0,0
BRDA:46,1,1,0
BRDA:55,2,0,0
BRDA:55,2,1,0
BRDA:59,3,0,0
BRDA:59,3,1,0
BRDA:60,4,0,0
BRDA:60,4,1,0
BRDA:60,5,0,0
BRDA:60,5,1,0
BRDA:80,6,0,0
BRDA:80,6,1,0
BRDA:85,7,0,0
BRDA:85,7,1,0
BRDA:95,8,0,0
BRDA:95,8,1,0
BRDA:104,9,0,0
BRDA:104,9,1,0
BRDA:104,10,0,0
BRDA:104,10,1,0
BRF:22
BRH:0
end_of_record
TN:
SF:backend\controllers\couponController.js
FN:6,(anonymous_0)
FN:13,(anonymous_1)
FN:19,(anonymous_2)
FN:28,(anonymous_3)
FN:41,(anonymous_4)
FN:52,(anonymous_5)
FN:83,(anonymous_6)
FNF:7
FNH:0
FNDA:0,(anonymous_0)
FNDA:0,(anonymous_1)
FNDA:0,(anonymous_2)
FNDA:0,(anonymous_3)
FNDA:0,(anonymous_4)
FNDA:0,(anonymous_5)
FNDA:0,(anonymous_6)
DA:1,1
DA:2,1
DA:3,1
DA:6,1
DA:7,0
DA:8,0
DA:9,0
DA:13,1
DA:14,0
DA:15,0
DA:19,1
DA:20,0
DA:21,0
DA:22,0
DA:24,0
DA:28,1
DA:29,0
DA:30,0
DA:31,0
DA:33,0
DA:37,0
DA:41,1
DA:42,0
DA:43,0
DA:44,0
DA:47,0
DA:48,0
DA:52,1
DA:53,0
DA:55,0
DA:56,0
DA:59,0
DA:60,0
DA:61,0
DA:64,0
DA:65,0
DA:66,0
DA:69,0
DA:70,0
DA:72,0
DA:83,1
DA:84,0
DA:86,0
DA:87,0
DA:91,0
DA:105,0
DA:107,0
DA:108,0
DA:109,0
DA:110,0
DA:111,0
DA:113,0
DA:116,0
LF:53
LH:10
BRDA:21,0,0,0
BRDA:21,0,1,0
BRDA:30,1,0,0
BRDA:30,1,1,0
BRDA:43,2,0,0
BRDA:43,2,1,0
BRDA:55,3,0,0
BRDA:55,3,1,0
BRDA:55,4,0,0
BRDA:55,4,1,0
BRDA:60,5,0,0
BRDA:60,5,1,0
BRDA:65,6,0,0
BRDA:65,6,1,0
BRDA:86,7,0,0
BRDA:86,7,1,0
BRDA:105,8,0,0
BRDA:105,8,1,0
BRDA:108,9,0,0
BRDA:108,9,1,0
BRDA:109,10,0,0
BRDA:109,10,1,0
BRDA:110,11,0,0
BRDA:110,11,1,0
BRDA:111,12,0,0
BRDA:111,12,1,0
BRF:26
BRH:0
end_of_record
TN:
SF:backend\controllers\orderController.js
FN:16,(anonymous_0)
FN:79,(anonymous_1)
FN:88,(anonymous_2)
FN:94,(anonymous_3)
FN:99,(anonymous_4)
FN:105,(anonymous_5)
FN:134,(anonymous_6)
FN:209,updateStock
FN:218,(anonymous_8)
FNF:9
FNH:0
FNDA:0,(anonymous_0)
FNDA:0,(anonymous_1)
FNDA:0,(anonymous_2)
FNDA:0,(anonymous_3)
FNDA:0,(anonymous_4)
FNDA:0,(anonymous_5)
FNDA:0,(anonymous_6)
FNDA:0,updateStock
FNDA:0,(anonymous_8)
DA:1,1
DA:2,1
DA:3,1
DA:4,1
DA:5,1
DA:8,1
DA:16,1
DA:25,0
DA:28,0
DA:29,0
DA:31,0
DA:32,0
DA:36,0
DA:37,0
DA:38,0
DA:41,0
DA:52,0
DA:53,0
DA:72,0
DA:75,0
DA:79,1
DA:80,0
DA:81,0
DA:82,0
DA:84,0
DA:88,1
DA:89,0
DA:90,0
DA:94,1
DA:95,0
DA:98,0
DA:99,0
DA:101,0
DA:105,1
DA:107,0
DA:108,0
DA:109,0
DA:112,0
DA:113,0
DA:116,0
DA:119,0
DA:120,0
DA:121,0
DA:129,0
DA:130,0
DA:133,0
DA:134,0
DA:137,0
DA:138,0
DA:156,0
DA:160,0
DA:162,0
DA:163,0
DA:165,0
DA:166,0
DA:184,0
DA:188,0
DA:190,0
DA:191,0
DA:192,0
DA:193,0
DA:194,0
DA:195,0
DA:196,0
DA:199,0
DA:204,0
DA:206,0
DA:210,0
DA:211,0
DA:212,0
DA:213,0
DA:218,1
DA:219,0
DA:220,0
DA:221,0
DA:223,0
DA:224,0
LF:77
LH:12
BRDA:28,0,0,0
BRDA:28,0,1,0
BRDA:28,1,0,0
BRDA:28,1,1,0
BRDA:31,2,0,0
BRDA:31,2,1,0
BRDA:31,3,0,0
BRDA:31,3,1,0
BRDA:37,4,0,0
BRDA:37,4,1,0
BRDA:81,5,0,0
BRDA:81,5,1,0
BRDA:108,6,0,0
BRDA:108,6,1,0
BRDA:112,7,0,0
BRDA:112,7,1,0
BRDA:119,8,0,0
BRDA:119,8,1,0
BRDA:120,9,0,0
BRDA:120,9,1,0
BRDA:123,10,0,0
BRDA:123,10,1,0
BRDA:129,11,0,0
BRDA:129,11,1,0
BRDA:162,12,0,0
BRDA:162,12,1,0
BRDA:188,13,0,0
BRDA:188,13,1,0
BRDA:190,14,0,0
BRDA:190,14,1,0
BRDA:190,15,0,0
BRDA:190,15,1,0
BRDA:195,16,0,0
BRDA:195,16,1,0
BRDA:211,17,0,0
BRDA:211,17,1,0
BRDA:220,18,0,0
BRDA:220,18,1,0
BRF:38
BRH:0
end_of_record
TN:
SF:backend\controllers\paymentAnalyticsController.js
FN:7,(anonymous_0)
FN:41,(anonymous_1)
FNF:2
FNH:0
FNDA:0,(anonymous_0)
FNDA:0,(anonymous_1)
DA:1,1
DA:2,1
DA:3,1
DA:4,1
DA:7,1
DA:8,0
DA:31,0
DA:33,0
DA:41,1
DA:42,0
DA:43,0
LF:11
LH:6
BRDA:35,0,0,0
BRDA:35,0,1,0
BRF:2
BRH:0
end_of_record
TN:
SF:backend\controllers\paymentController.js
FN:14,(anonymous_0)
FN:63,(anonymous_1)
FN:80,(anonymous_2)
FN:85,(anonymous_3)
FN:110,(anonymous_4)
FN:155,(anonymous_5)
FN:156,(anonymous_6)
FN:157,(anonymous_7)
FN:169,(anonymous_8)
FN:180,(anonymous_9)
FN:190,(anonymous_10)
FN:203,(anonymous_11)
FN:248,(anonymous_12)
FN:297,(anonymous_13)
FN:432,(anonymous_14)
FN:589,(anonymous_15)
FNF:16
FNH:0
FNDA:0,(anonymous_0)
FNDA:0,(anonymous_1)
FNDA:0,(anonymous_2)
FNDA:0,(anonymous_3)
FNDA:0,(anonymous_4)
FNDA:0,(anonymous_5)
FNDA:0,(anonymous_6)
FNDA:0,(anonymous_7)
FNDA:0,(anonymous_8)
FNDA:0,(anonymous_9)
FNDA:0,(anonymous_10)
FNDA:0,(anonymous_11)
FNDA:0,(anonymous_12)
FNDA:0,(anonymous_13)
FNDA:0,(anonymous_14)
FNDA:0,(anonymous_15)
DA:1,1
DA:2,1
DA:3,1
DA:4,1
DA:5,1
DA:6,1
DA:7,1
DA:8,1
DA:9,1
DA:10,1
DA:11,1
DA:14,1
DA:15,0
DA:17,0
DA:18,0
DA:21,0
DA:22,0
DA:26,0
DA:27,0
DA:28,0
DA:29,0
DA:34,0
DA:35,0
DA:36,0
DA:37,0
DA:38,0
DA:39,0
DA:40,0
DA:45,0
DA:46,0
DA:50,0
DA:56,0
DA:63,1
DA:64,0
DA:66,0
DA:67,0
DA:72,0
DA:73,0
DA:76,0
DA:80,1
DA:81,0
DA:85,1
DA:86,0
DA:88,0
DA:101,0
DA:102,0
DA:103,0
DA:105,0
DA:110,1
DA:111,0
DA:112,0
DA:115,0
DA:116,0
DA:122,0
DA:125,0
DA:126,0
DA:129,0
DA:133,0
DA:134,0
DA:138,0
DA:140,0
DA:141,0
DA:154,0
DA:155,0
DA:156,0
DA:157,0
DA:158,0
DA:159,0
DA:160,0
DA:161,0
DA:162,0
DA:164,0
DA:169,0
DA:170,0
DA:173,0
DA:174,0
DA:176,0
DA:180,1
DA:181,0
DA:182,0
DA:185,0
DA:190,1
DA:191,0
DA:192,0
DA:193,0
DA:195,0
DA:199,0
DA:203,1
DA:204,0
DA:206,0
DA:207,0
DA:210,0
DA:211,0
DA:214,0
DA:216,0
DA:235,0
DA:236,0
DA:237,0
DA:239,0
DA:244,1
DA:245,1
DA:248,1
DA:249,0
DA:251,0
DA:252,0
DA:254,0
DA:255,0
DA:259,0
DA:260,0
DA:263,0
DA:264,0
DA:265,0
DA:266,0
DA:268,0
DA:269,0
DA:271,0
DA:276,0
DA:277,0
DA:280,0
DA:281,0
DA:285,0
DA:287,0
DA:297,1
DA:299,0
DA:300,0
DA:302,0
DA:303,0
DA:306,0
DA:307,0
DA:308,0
DA:309,0
DA:311,0
DA:312,0
DA:315,0
DA:317,0
DA:321,0
DA:322,0
DA:323,0
DA:324,0
DA:326,0
DA:334,0
DA:341,0
DA:342,0
DA:343,0
DA:344,0
DA:346,0
DA:354,0
DA:375,0
DA:376,0
DA:377,0
DA:378,0
DA:379,0
DA:381,0
DA:382,0
DA:384,0
DA:385,0
DA:388,0
DA:390,0
DA:391,0
DA:392,0
DA:396,0
DA:397,0
DA:398,0
DA:417,0
DA:420,0
DA:423,0
DA:424,0
DA:425,0
DA:427,0
DA:432,1
DA:435,0
DA:436,0
DA:438,0
DA:439,0
DA:440,0
DA:441,0
DA:443,0
DA:444,0
DA:446,0
DA:448,0
DA:449,0
DA:453,0
DA:455,0
DA:456,0
DA:457,0
DA:460,0
DA:461,0
DA:462,0
DA:463,0
DA:464,0
DA:465,0
DA:466,0
DA:467,0
DA:468,0
DA:471,0
DA:472,0
DA:473,0
DA:474,0
DA:475,0
DA:476,0
DA:481,0
DA:482,0
DA:483,0
DA:485,0
DA:488,0
DA:489,0
DA:490,0
DA:493,0
DA:494,0
DA:495,0
DA:514,0
DA:518,0
DA:519,0
DA:520,0
DA:532,0
DA:533,0
DA:534,0
DA:537,0
DA:538,0
DA:539,0
DA:540,0
DA:541,0
DA:544,0
DA:545,0
DA:546,0
DA:552,0
DA:553,0
DA:554,0
DA:555,0
DA:556,0
DA:559,0
DA:560,0
DA:561,0
DA:567,0
DA:569,0
DA:570,0
DA:581,0
DA:583,0
DA:584,0
DA:589,1
DA:590,0
DA:592,0
DA:593,0
DA:594,0
DA:597,0
DA:598,0
DA:601,0
DA:602,0
DA:605,0
DA:606,0
DA:609,0
DA:610,0
DA:611,0
DA:613,0
DA:614,0
DA:617,0
DA:618,0
DA:621,0
DA:623,0
DA:629,0
LF:260
LH:25
BRDA:17,0,0,0
BRDA:17,0,1,0
BRDA:21,1,0,0
BRDA:21,1,1,0
BRDA:21,2,0,0
BRDA:21,2,1,0
BRDA:26,3,0,0
BRDA:26,3,1,0
BRDA:28,4,0,0
BRDA:28,4,1,0
BRDA:34,5,0,0
BRDA:34,5,1,0
BRDA:34,6,0,0
BRDA:34,6,1,0
BRDA:38,7,0,0
BRDA:38,7,1,0
BRDA:39,8,0,0
BRDA:39,8,1,0
BRDA:40,9,0,0
BRDA:40,9,1,0
BRDA:45,10,0,0
BRDA:45,10,1,0
BRDA:45,11,0,0
BRDA:45,11,1,0
BRDA:66,12,0,0
BRDA:66,12,1,0
BRDA:66,13,0,0
BRDA:66,13,1,0
BRDA:72,14,0,0
BRDA:72,14,1,0
BRDA:96,15,0,0
BRDA:96,15,1,0
BRDA:125,16,0,0
BRDA:125,16,1,0
BRDA:142,17,0,0
BRDA:142,17,1,0
BRDA:161,18,0,0
BRDA:161,18,1,0
BRDA:192,19,0,0
BRDA:192,19,1,0
BRDA:206,20,0,0
BRDA:206,20,1,0
BRDA:206,21,0,0
BRDA:206,21,1,0
BRDA:210,22,0,0
BRDA:210,22,1,0
BRDA:249,23,0,0
BRDA:251,24,0,0
BRDA:251,24,1,0
BRDA:251,25,0,0
BRDA:251,25,1,0
BRDA:254,26,0,0
BRDA:254,26,1,0
BRDA:265,27,0,0
BRDA:265,27,1,0
BRDA:268,28,0,0
BRDA:268,28,1,0
BRDA:276,29,0,0
BRDA:276,29,1,0
BRDA:280,30,0,0
BRDA:280,30,1,0
BRDA:302,31,0,0
BRDA:302,31,1,0
BRDA:321,32,0,0
BRDA:321,32,1,0
BRDA:322,33,0,0
BRDA:322,33,1,0
BRDA:341,34,0,0
BRDA:341,34,1,0
BRDA:342,35,0,0
BRDA:342,35,1,0
BRDA:378,36,0,0
BRDA:378,36,1,0
BRDA:381,37,0,0
BRDA:381,37,1,0
BRDA:390,38,0,0
BRDA:390,38,1,0
BRDA:423,39,0,0
BRDA:423,39,1,0
BRDA:427,40,0,0
BRDA:427,40,1,0
BRDA:439,41,0,0
BRDA:439,41,1,0
BRDA:440,42,0,0
BRDA:440,42,1,0
BRDA:441,43,0,0
BRDA:441,43,1,0
BRDA:444,44,0,0
BRDA:444,44,1,0
BRDA:444,45,0,0
BRDA:444,45,1,0
BRDA:448,46,0,0
BRDA:448,46,1,0
BRDA:455,47,0,0
BRDA:455,47,1,0
BRDA:460,48,0,0
BRDA:460,48,1,0
BRDA:474,49,0,0
BRDA:474,49,1,0
BRDA:474,50,0,0
BRDA:474,50,1,0
BRDA:526,51,0,0
BRDA:526,51,1,0
BRDA:537,52,0,0
BRDA:537,52,1,0
BRDA:537,53,0,0
BRDA:537,53,1,0
BRDA:539,54,0,0
BRDA:539,54,1,0
BRDA:539,55,0,0
BRDA:539,55,1,0
BRDA:552,56,0,0
BRDA:552,56,1,0
BRDA:554,57,0,0
BRDA:554,57,1,0
BRDA:567,58,0,0
BRDA:567,58,1,0
BRDA:593,59,0,0
BRDA:593,59,1,0
BRDA:597,60,0,0
BRDA:597,60,1,0
BRDA:601,61,0,0
BRDA:601,61,1,0
BRDA:605,62,0,0
BRDA:605,62,1,0
BRDA:605,63,0,0
BRDA:605,63,1,0
BRDA:617,64,0,0
BRDA:617,64,1,0
BRDA:629,65,0,0
BRDA:629,65,1,0
BRF:131
BRH:0
end_of_record
TN:
SF:backend\controllers\productController.js
FN:9,(anonymous_0)
FN:67,(anonymous_1)
FN:75,(anonymous_2)
FN:87,(anonymous_3)
FN:97,(anonymous_4)
FN:126,(anonymous_5)
FN:136,(anonymous_6)
FN:172,(anonymous_7)
FN:188,(anonymous_8)
FN:205,(anonymous_9)
FN:222,(anonymous_10)
FN:226,(anonymous_11)
FN:238,(anonymous_12)
FN:247,(anonymous_13)
FN:256,(anonymous_14)
FN:265,(anonymous_15)
FN:269,(anonymous_16)
FNF:17
FNH:0
FNDA:0,(anonymous_0)
FNDA:0,(anonymous_1)
FNDA:0,(anonymous_2)
FNDA:0,(anonymous_3)
FNDA:0,(anonymous_4)
FNDA:0,(anonymous_5)
FNDA:0,(anonymous_6)
FNDA:0,(anonymous_7)
FNDA:0,(anonymous_8)
FNDA:0,(anonymous_9)
FNDA:0,(anonymous_10)
FNDA:0,(anonymous_11)
FNDA:0,(anonymous_12)
FNDA:0,(anonymous_13)
FNDA:0,(anonymous_14)
FNDA:0,(anonymous_15)
FNDA:0,(anonymous_16)
DA:1,1
DA:2,1
DA:3,1
DA:4,1
DA:5,1
DA:6,1
DA:9,1
DA:11,0
DA:12,0
DA:14,0
DA:15,0
DA:16,0
DA:18,0
DA:19,0
DA:21,0
DA:25,0
DA:27,0
DA:28,0
DA:31,0
DA:32,0
DA:34,0
DA:38,0
DA:39,0
DA:40,0
DA:41,0
DA:43,0
DA:47,0
DA:49,0
DA:50,0
DA:52,0
DA:53,0
DA:54,0
DA:55,0
DA:57,0
DA:67,1
DA:68,0
DA:71,0
DA:75,1
DA:76,0
DA:80,0
DA:81,0
DA:83,0
DA:87,1
DA:89,0
DA:93,0
DA:97,1
DA:99,0
DA:100,0
DA:101,0
DA:103,0
DA:106,0
DA:107,0
DA:108,0
DA:111,0
DA:117,0
DA:118,0
DA:121,0
DA:122,0
DA:123,0
DA:126,0
DA:128,0
DA:130,0
DA:132,0
DA:136,1
DA:138,0
DA:139,0
DA:140,0
DA:143,0
DA:144,0
DA:145,0
DA:146,0
DA:148,0
DA:151,0
DA:152,0
DA:154,0
DA:155,0
DA:156,0
DA:159,0
DA:164,0
DA:168,0
DA:169,0
DA:172,0
DA:173,0
DA:177,0
DA:179,0
DA:184,0
DA:188,1
DA:190,0
DA:191,0
DA:192,0
DA:195,0
DA:196,0
DA:199,0
DA:201,0
DA:205,1
DA:207,0
DA:209,0
DA:216,0
DA:217,0
DA:218,0
DA:221,0
DA:222,0
DA:225,0
DA:226,0
DA:227,0
DA:228,0
DA:229,0
DA:233,0
DA:234,0
DA:237,0
DA:238,0
DA:239,0
DA:241,0
DA:243,0
DA:247,1
DA:248,0
DA:249,0
DA:250,0
DA:252,0
DA:256,1
DA:259,0
DA:260,0
DA:261,0
DA:264,0
DA:265,0
DA:268,0
DA:269,0
DA:271,0
DA:272,0
DA:274,0
DA:280,0
LF:131
LH:16
BRDA:18,0,0,0
BRDA:18,0,1,0
BRDA:19,1,0,0
BRDA:19,1,1,0
BRDA:27,2,0,0
BRDA:27,2,1,0
BRDA:31,3,0,0
BRDA:31,3,1,0
BRDA:38,4,0,0
BRDA:38,4,1,0
BRDA:40,5,0,0
BRDA:40,5,1,0
BRDA:52,6,0,0
BRDA:52,6,1,0
BRDA:80,7,0,0
BRDA:80,7,1,0
BRDA:100,8,0,0
BRDA:100,8,1,0
BRDA:103,9,0,0
BRDA:103,9,1,0
BRDA:122,10,0,0
BRDA:122,10,1,0
BRDA:123,11,0,0
BRDA:123,11,1,0
BRDA:126,12,0,0
BRDA:126,12,1,0
BRDA:139,13,0,0
BRDA:139,13,1,0
BRDA:143,14,0,0
BRDA:143,14,1,0
BRDA:145,15,0,0
BRDA:145,15,1,0
BRDA:168,16,0,0
BRDA:168,16,1,0
BRDA:169,17,0,0
BRDA:169,17,1,0
BRDA:173,18,0,0
BRDA:173,18,1,0
BRDA:191,19,0,0
BRDA:191,19,1,0
BRDA:217,20,0,0
BRDA:217,20,1,0
BRDA:225,21,0,0
BRDA:225,21,1,0
BRDA:227,22,0,0
BRDA:227,22,1,0
BRDA:249,23,0,0
BRDA:249,23,1,0
BRDA:260,24,0,0
BRDA:260,24,1,0
BRDA:271,25,0,0
BRDA:271,25,1,0
BRF:52
BRH:0
end_of_record
TN:
SF:backend\controllers\userController.js
FN:11,(anonymous_0)
FN:30,(anonymous_1)
FN:63,(anonymous_2)
FN:72,(anonymous_3)
FN:78,(anonymous_4)
FN:109,(anonymous_5)
FN:133,(anonymous_6)
FN:147,(anonymous_7)
FN:182,(anonymous_8)
FN:202,(anonymous_9)
FN:211,(anonymous_10)
FN:233,(anonymous_11)
FNF:12
FNH:2
FNDA:2,(anonymous_0)
FNDA:3,(anonymous_1)
FNDA:0,(anonymous_2)
FNDA:0,(anonymous_3)
FNDA:0,(anonymous_4)
FNDA:0,(anonymous_5)
FNDA:0,(anonymous_6)
FNDA:0,(anonymous_7)
FNDA:0,(anonymous_8)
FNDA:0,(anonymous_9)
FNDA:0,(anonymous_10)
FNDA:0,(anonymous_11)
DA:1,1
DA:2,1
DA:3,1
DA:4,1
DA:5,1
DA:6,1
DA:7,1
DA:8,1
DA:11,1
DA:12,2
DA:14,2
DA:26,2
DA:30,1
DA:31,3
DA:33,3
DA:34,3
DA:37,0
DA:40,0
DA:41,0
DA:43,0
DA:44,0
DA:46,0
DA:49,0
DA:50,0
DA:53,0
DA:54,0
DA:55,0
DA:59,0
DA:63,1
DA:64,0
DA:68,0
DA:72,1
DA:73,0
DA:74,0
DA:78,1
DA:79,0
DA:80,0
DA:81,0
DA:84,0
DA:85,0
DA:87,0
DA:89,0
DA:90,0
DA:96,0
DA:101,0
DA:102,0
DA:103,0
DA:104,0
DA:109,1
DA:110,0
DA:115,0
DA:120,0
DA:121,0
DA:124,0
DA:125,0
DA:126,0
DA:127,0
DA:129,0
DA:133,1
DA:134,0
DA:135,0
DA:137,0
DA:138,0
DA:141,0
DA:142,0
DA:143,0
DA:147,1
DA:148,0
DA:154,0
DA:155,0
DA:157,0
DA:158,0
DA:160,0
DA:165,0
DA:171,0
DA:176,0
DA:182,1
DA:183,0
DA:184,0
DA:185,0
DA:187,0
DA:192,0
DA:202,1
DA:203,0
DA:204,0
DA:205,0
DA:207,0
DA:211,1
DA:212,0
DA:213,0
DA:214,0
DA:217,0
DA:224,0
DA:229,0
DA:233,1
DA:234,0
DA:235,0
DA:236,0
DA:238,0
DA:239,0
LF:100
LH:26
BRDA:33,0,0,3
BRDA:33,0,1,0
BRDA:33,1,0,3
BRDA:33,1,1,0
BRDA:40,2,0,0
BRDA:40,2,1,0
BRDA:43,3,0,0
BRDA:43,3,1,0
BRDA:49,4,0,0
BRDA:49,4,1,0
BRDA:54,5,0,0
BRDA:54,5,1,0
BRDA:80,6,0,0
BRDA:80,6,1,0
BRDA:87,7,0,0
BRDA:87,7,1,0
BRDA:120,8,0,0
BRDA:120,8,1,0
BRDA:137,9,0,0
BRDA:137,9,1,0
BRDA:154,10,0,0
BRDA:154,10,1,0
BRDA:154,11,0,0
BRDA:154,11,1,0
BRDA:157,12,0,0
BRDA:157,12,1,0
BRDA:157,13,0,0
BRDA:157,13,1,0
BRDA:183,14,0,0
BRDA:183,14,1,0
BRDA:184,15,0,0
BRDA:184,15,1,0
BRDA:204,16,0,0
BRDA:204,16,1,0
BRDA:213,17,0,0
BRDA:213,17,1,0
BRDA:235,18,0,0
BRDA:235,18,1,0
BRF:38
BRH:2
end_of_record
TN:
SF:backend\middlewares\asyncErrorHandler.js
FN:1,(anonymous_0)
FN:1,(anonymous_1)
FNF:2
FNH:2
FNDA:54,(anonymous_0)
FNDA:7,(anonymous_1)
DA:1,54
DA:2,7
LF:2
LH:2
BRF:0
BRH:0
end_of_record
TN:
SF:backend\middlewares\auth.js
FN:6,(anonymous_0)
FN:35,(anonymous_1)
FN:36,(anonymous_2)
FNF:3
FNH:2
FNDA:2,(anonymous_0)
FNDA:26,(anonymous_1)
FNDA:0,(anonymous_2)
DA:1,1
DA:2,1
DA:3,1
DA:4,1
DA:6,1
DA:8,2
DA:10,2
DA:11,0
DA:17,2
DA:18,2
DA:20,1
DA:21,0
DA:23,1
DA:26,1
DA:28,1
DA:29,1
DA:32,0
DA:35,1
DA:36,26
DA:37,0
DA:38,0
DA:40,0
LF:22
LH:16
BRDA:10,0,0,0
BRDA:10,0,1,2
BRDA:20,1,0,0
BRDA:20,1,1,1
BRDA:28,2,0,1
BRDA:28,2,1,0
BRDA:37,3,0,0
BRDA:37,3,1,0
BRF:8
BRH:3
end_of_record
TN:
SF:backend\middlewares\catchAsyncErrors.js
FN:1,(anonymous_0)
FN:1,(anonymous_1)
FNF:2
FNH:1
FNDA:7,(anonymous_0)
FNDA:0,(anonymous_1)
DA:1,7
DA:2,0
LF:2
LH:1
BRF:0
BRH:0
end_of_record
TN:
SF:backend\middlewares\error.js
FN:3,(anonymous_0)
FNF:1
FNH:1
FNDA:5,(anonymous_0)
DA:1,1
DA:3,1
DA:4,5
DA:5,5
DA:8,5
DA:9,0
DA:10,0
DA:14,5
DA:15,0
DA:16,0
DA:20,5
DA:21,0
DA:22,0
DA:26,5
DA:27,0
DA:28,0
DA:32,5
DA:33,0
DA:34,0
DA:37,5
LF:20
LH:10
BRDA:4,0,0,5
BRDA:4,0,1,0
BRDA:5,1,0,5
BRDA:5,1,1,0
BRDA:8,2,0,0
BRDA:8,2,1,5
BRDA:14,3,0,0
BRDA:14,3,1,5
BRDA:20,4,0,0
BRDA:20,4,1,5
BRDA:26,5,0,0
BRDA:26,5,1,5
BRDA:32,6,0,0
BRDA:32,6,1,5
BRF:14
BRH:7
end_of_record
TN:
SF:backend\middlewares\verifyRazorpaySignature.js
FN:4,(anonymous_0)
FN:39,(anonymous_1)
FNF:2
FNH:0
FNDA:0,(anonymous_0)
FNDA:0,(anonymous_1)
DA:1,1
DA:2,1
DA:4,1
DA:5,0
DA:6,0
DA:8,0
DA:9,0
DA:12,0
DA:13,0
DA:14,0
DA:17,0
DA:22,0
DA:23,0
DA:27,0
DA:33,0
DA:35,0
DA:39,1
DA:40,0
DA:41,0
DA:42,0
DA:44,0
DA:45,0
DA:46,0
DA:49,0
DA:50,0
DA:53,0
DA:58,0
DA:59,0
DA:62,0
DA:64,0
LF:30
LH:4
BRDA:8,0,0,0
BRDA:8,0,1,0
BRDA:8,1,0,0
BRDA:8,1,1,0
BRDA:8,1,2,0
BRDA:13,2,0,0
BRDA:13,2,1,0
BRDA:22,3,0,0
BRDA:22,3,1,0
BRDA:44,4,0,0
BRDA:44,4,1,0
BRDA:49,5,0,0
BRDA:49,5,1,0
BRDA:58,6,0,0
BRDA:58,6,1,0
BRF:15
BRH:0
end_of_record
TN:
SF:backend\models\brandModel.js
FNF:0
FNH:0
DA:1,1
DA:3,1
DA:38,1
LF:3
LH:3
BRF:0
BRH:0
end_of_record
TN:
SF:backend\models\categoryModel.js
FN:40,(anonymous_0)
FNF:1
FNH:0
FNDA:0,(anonymous_0)
DA:1,1
DA:3,1
DA:40,1
DA:41,0
DA:42,0
DA:44,0
DA:47,1
LF:7
LH:4
BRDA:41,0,0,0
BRDA:41,0,1,0
BRF:2
BRH:0
end_of_record
TN:
SF:backend\models\couponModel.js
FN:31,(anonymous_0)
FN:44,(anonymous_1)
FN:85,(anonymous_2)
FN:127,(anonymous_3)
FNF:4
FNH:0
FNDA:0,(anonymous_0)
FNDA:0,(anonymous_1)
FNDA:0,(anonymous_2)
FNDA:0,(anonymous_3)
DA:1,1
DA:3,1
DA:32,0
DA:45,0
DA:85,1
DA:86,0
DA:89,0
DA:90,0
DA:97,0
DA:98,0
DA:105,0
DA:106,0
DA:113,0
DA:114,0
DA:120,0
DA:127,1
DA:128,0
DA:130,0
DA:133,0
DA:136,0
DA:140,1
LF:21
LH:5
BRDA:89,0,0,0
BRDA:89,0,1,0
BRDA:97,1,0,0
BRDA:97,1,1,0
BRDA:105,2,0,0
BRDA:105,2,1,0
BRDA:105,3,0,0
BRDA:105,3,1,0
BRDA:113,4,0,0
BRDA:113,4,1,0
BRDA:128,5,0,0
BRDA:128,5,1,0
BRF:12
BRH:0
end_of_record
TN:
SF:backend\models\orderModel.js
FNF:0
FNH:0
DA:1,1
DA:3,1
DA:81,1
DA:82,1
DA:83,1
DA:84,1
DA:85,1
DA:87,1
LF:8
LH:8
BRF:0
BRH:0
end_of_record
TN:
SF:backend\models\paymentAnalyticsModel.js
FNF:0
FNH:0
DA:1,1
DA:3,1
DA:31,1
LF:3
LH:3
BRF:0
BRH:0
end_of_record
TN:
SF:backend\models\paymentModel.js
FNF:0
FNH:0
DA:1,1
DA:3,1
DA:68,1
LF:3
LH:3
BRF:0
BRH:0
end_of_record
TN:
SF:backend\models\productModel.js
FN:103,(anonymous_0)
FNF:1
FNH:0
FNDA:0,(anonymous_0)
DA:1,1
DA:3,1
DA:96,1
DA:97,1
DA:98,1
DA:99,1
DA:100,1
DA:101,1
DA:103,1
DA:104,0
DA:105,0
DA:107,0
DA:110,1
LF:13
LH:10
BRDA:104,0,0,0
BRDA:104,0,1,0
BRF:2
BRH:0
end_of_record
TN:
SF:backend\models\settlementModel.js
FNF:0
FNH:0
DA:1,1
DA:3,1
DA:38,1
LF:3
LH:3
BRF:0
BRH:0
end_of_record
TN:
SF:backend\models\userModel.js
FN:21,(anonymous_0)
FN:24,(anonymous_1)
FN:59,(anonymous_2)
FN:68,(anonymous_3)
FN:74,(anonymous_4)
FN:78,(anonymous_5)
FNF:6
FNH:3
FNDA:2,(anonymous_0)
FNDA:0,(anonymous_1)
FNDA:2,(anonymous_2)
FNDA:2,(anonymous_3)
FNDA:0,(anonymous_4)
FNDA:0,(anonymous_5)
DA:1,1
DA:2,1
DA:3,1
DA:4,1
DA:5,1
DA:7,1
DA:22,2
DA:24,0
DA:59,1
DA:61,2
DA:62,0
DA:65,2
DA:68,1
DA:69,2
DA:74,1
DA:75,0
DA:78,1
DA:81,0
DA:84,0
DA:85,0
DA:87,0
DA:90,1
LF:22
LH:15
BRDA:61,0,0,0
BRDA:61,0,1,2
BRF:2
BRH:1
end_of_record
TN:
SF:backend\routes\adminRoute.js
FNF:0
FNH:0
DA:1,1
DA:2,1
DA:3,1
DA:4,1
DA:6,1
DA:8,1
DA:12,1
DA:16,1
DA:20,1
LF:9
LH:9
BRF:0
BRH:0
end_of_record
TN:
SF:backend\routes\brandRoute.js
FNF:0
FNH:0
DA:1,1
DA:2,1
DA:3,1
DA:5,1
DA:7,1
DA:8,1
DA:11,1
DA:12,1
DA:16,1
LF:9
LH:9
BRF:0
BRH:0
end_of_record
TN:
SF:backend\routes\categoryRoute.js
FNF:0
FNH:0
DA:1,1
DA:10,1
DA:11,1
DA:13,1
DA:16,1
DA:17,1
DA:18,1
DA:19,1
DA:22,1
DA:25,1
DA:29,1
LF:11
LH:11
BRF:0
BRH:0
end_of_record
TN:
SF:backend\routes\couponRoute.js
FNF:0
FNH:0
DA:1,1
DA:2,1
DA:12,1
DA:14,1
DA:18,1
DA:19,1
DA:22,1
DA:23,1
DA:24,1
DA:30,1
LF:10
LH:10
BRF:0
BRH:0
end_of_record
TN:
SF:backend\routes\orderRoute.js
FNF:0
FNH:0
DA:1,1
DA:2,1
DA:3,1
DA:5,1
DA:7,1
DA:8,1
DA:9,1
DA:11,1
DA:13,1
DA:17,1
LF:10
LH:10
BRF:0
BRH:0
end_of_record
TN:
SF:backend\routes\paymentRoute.js
FNF:0
FNH:0
DA:1,1
DA:2,1
DA:3,1
DA:4,1
DA:6,1
DA:8,1
DA:9,1
DA:10,1
DA:11,1
DA:12,1
DA:14,1
DA:17,1
DA:18,1
DA:19,1
DA:20,1
DA:22,1
DA:24,1
LF:17
LH:17
BRF:0
BRH:0
end_of_record
TN:
SF:backend\routes\productRoute.js
FNF:0
FNH:0
DA:1,1
DA:2,1
DA:3,1
DA:5,1
DA:7,1
DA:8,1
DA:10,1
DA:11,1
DA:13,1
DA:17,1
DA:19,1
DA:21,1
DA:25,1
LF:13
LH:13
BRF:0
BRH:0
end_of_record
TN:
SF:backend\routes\userRoute.js
FNF:0
FNH:0
DA:1,1
DA:2,1
DA:3,1
DA:5,1
DA:7,1
DA:8,1
DA:9,1
DA:11,1
DA:13,1
DA:14,1
DA:16,1
DA:18,1
DA:20,1
DA:22,1
DA:27,1
LF:15
LH:15
BRF:0
BRH:0
end_of_record
TN:
SF:backend\services\invoiceService.js
FN:6,(anonymous_0)
FN:7,(anonymous_1)
FN:50,(anonymous_2)
FN:71,(anonymous_3)
FN:89,(anonymous_4)
FNF:5
FNH:0
FNDA:0,(anonymous_0)
FNDA:0,(anonymous_1)
FNDA:0,(anonymous_2)
FNDA:0,(anonymous_3)
FNDA:0,(anonymous_4)
DA:1,1
DA:2,1
DA:3,1
DA:4,1
DA:6,1
DA:7,0
DA:8,0
DA:9,0
DA:12,0
DA:13,0
DA:14,0
DA:16,0
DA:17,0
DA:19,0
DA:22,0
DA:23,0
DA:26,0
DA:27,0
DA:28,0
DA:31,0
DA:32,0
DA:33,0
DA:34,0
DA:37,0
DA:38,0
DA:39,0
DA:40,0
DA:43,0
DA:44,0
DA:45,0
DA:46,0
DA:47,0
DA:50,0
DA:51,0
DA:52,0
DA:53,0
DA:54,0
DA:55,0
DA:56,0
DA:59,0
DA:62,0
DA:63,0
DA:64,0
DA:66,0
DA:67,0
DA:69,0
DA:71,0
DA:72,0
DA:74,0
DA:80,0
DA:82,0
DA:84,0
DA:85,0
DA:89,0
DA:90,0
DA:94,0
LF:56
LH:5
BRDA:13,0,0,0
BRDA:13,0,1,0
BRDA:63,1,0,0
BRDA:63,1,1,0
BRF:4
BRH:0
end_of_record
TN:
SF:backend\services\razorpayService.js
FN:5,(anonymous_0)
FN:18,(anonymous_1)
FN:34,(anonymous_2)
FN:43,(anonymous_3)
FNF:4
FNH:0
FNDA:0,(anonymous_0)
FNDA:0,(anonymous_1)
FNDA:0,(anonymous_2)
FNDA:0,(anonymous_3)
DA:1,1
DA:3,1
DA:5,1
DA:6,0
DA:7,0
DA:8,0
DA:10,0
DA:15,0
DA:18,1
DA:19,0
DA:20,0
DA:21,0
DA:27,0
DA:28,0
DA:30,0
DA:34,1
DA:35,0
DA:36,0
DA:37,0
DA:39,0
DA:43,1
DA:44,0
DA:45,0
DA:46,0
DA:50,0
DA:51,0
DA:53,0
DA:55,0
LF:28
LH:6
BRDA:6,0,0,0
BRDA:6,0,1,0
BRDA:7,1,0,0
BRDA:7,1,1,0
BRDA:7,2,0,0
BRDA:7,2,1,0
BRDA:11,3,0,0
BRDA:11,3,1,0
BRDA:12,4,0,0
BRDA:12,4,1,0
BRDA:18,5,0,0
BRDA:18,6,0,0
BRDA:30,7,0,0
BRDA:30,7,1,0
BRDA:39,8,0,0
BRDA:39,8,1,0
BRDA:43,9,0,0
BRDA:50,10,0,0
BRDA:50,10,1,0
BRDA:55,11,0,0
BRDA:55,11,1,0
BRF:21
BRH:0
end_of_record
TN:
SF:backend\utils\errorHandler.js
FN:2,(anonymous_0)
FNF:1
FNH:1
FNDA:5,(anonymous_0)
DA:3,5
DA:4,5
DA:6,5
DA:10,1
LF:4
LH:4
BRF:0
BRH:0
end_of_record
TN:
SF:backend\utils\logger.js
FN:4,(anonymous_0)
FNF:1
FNH:1
FNDA:7,(anonymous_0)
DA:1,1
DA:4,1
DA:5,7
DA:8,1
DA:28,1
DA:29,1
DA:37,1
LF:7
LH:7
BRDA:5,0,0,7
BRDA:5,0,1,7
BRDA:28,1,0,1
BRDA:28,1,1,0
BRF:4
BRH:3
end_of_record
TN:
SF:backend\utils\searchFeatures.js
FN:2,(anonymous_0)
FN:7,(anonymous_1)
FN:21,(anonymous_2)
FN:26,(anonymous_3)
FN:43,(anonymous_4)
FN:67,(anonymous_5)
FNF:6
FNH:0
FNDA:0,(anonymous_0)
FNDA:0,(anonymous_1)
FNDA:0,(anonymous_2)
FNDA:0,(anonymous_3)
FNDA:0,(anonymous_4)
FNDA:0,(anonymous_5)
DA:3,0
DA:4,0
DA:8,0
DA:17,0
DA:18,0
DA:22,0
DA:25,0
DA:26,0
DA:29,0
DA:30,0
DA:33,0
DA:34,0
DA:38,0
DA:39,0
DA:42,0
DA:43,0
DA:46,0
DA:49,0
DA:52,0
DA:54,0
DA:64,0
DA:68,0
DA:70,0
DA:72,0
DA:73,0
DA:77,1
LF:26
LH:1
BRDA:8,0,0,0
BRDA:8,0,1,0
BRDA:29,1,0,0
BRDA:29,1,1,0
BRDA:33,2,0,0
BRDA:33,2,1,0
BRDA:52,3,0,0
BRDA:52,3,1,0
BRDA:68,4,0,0
BRDA:68,4,1,0
BRF:10
BRH:0
end_of_record
TN:
SF:backend\utils\sendEmail.js
FN:3,(anonymous_0)
FN:16,(anonymous_1)
FN:17,(anonymous_2)
FN:32,(anonymous_3)
FNF:4
FNH:0
FNDA:0,(anonymous_0)
FNDA:0,(anonymous_1)
FNDA:0,(anonymous_2)
FNDA:0,(anonymous_3)
DA:1,1
DA:3,1
DA:4,0
DA:16,0
DA:17,0
DA:20,0
DA:21,0
DA:23,0
DA:24,0
DA:25,0
DA:26,0
DA:27,0
DA:31,0
DA:32,0
DA:41,0
DA:45,0
DA:126,0
DA:134,0
DA:141,0
DA:142,0
DA:143,0
DA:145,0
DA:146,0
DA:150,1
LF:24
LH:3
BRDA:20,0,0,0
BRDA:20,0,1,0
BRDA:20,0,2,0
BRDA:23,1,0,0
BRDA:23,1,1,0
BRDA:23,2,0,0
BRDA:23,2,1,0
BRDA:25,3,0,0
BRDA:25,3,1,0
BRDA:31,4,0,0
BRDA:31,4,1,0
BRDA:41,5,0,0
BRDA:41,5,1,0
BRDA:45,6,0,0
BRDA:45,6,1,0
BRDA:47,7,0,0
BRDA:47,7,1,0
BRDA:49,8,0,0
BRDA:49,8,1,0
BRDA:55,9,0,0
BRDA:55,9,1,0
BRDA:55,10,0,0
BRDA:55,10,1,0
BRDA:56,11,0,0
BRDA:56,11,1,0
BRDA:56,12,0,0
BRDA:56,12,1,0
BRDA:56,13,0,0
BRDA:56,13,1,0
BRDA:57,14,0,0
BRDA:57,14,1,0
BRDA:82,15,0,0
BRDA:82,15,1,0
BRDA:88,16,0,0
BRDA:88,16,1,0
BRDA:103,17,0,0
BRDA:103,17,1,0
BRDA:106,18,0,0
BRDA:106,18,1,0
BRDA:126,19,0,0
BRDA:126,19,1,0
BRDA:137,20,0,0
BRDA:137,20,1,0
BRDA:137,21,0,0
BRDA:137,21,1,0
BRDA:138,22,0,0
BRDA:138,22,1,0
BRF:47
BRH:0
end_of_record
TN:
SF:backend\utils\sendToken.js
FN:1,(anonymous_0)
FNF:1
FNH:1
FNDA:2,(anonymous_0)
DA:1,1
DA:2,2
DA:4,2
DA:14,2
DA:21,1
LF:5
LH:5
BRDA:11,0,0,0
BRDA:11,0,1,2
BRF:2
BRH:1
end_of_record
